<?xml version="1.0" encoding="windows-1252" standalone="no"?>
<!DOCTYPE log SYSTEM "logger.dtd">
<log>
<record>
  <date>2018-12-23T22:55:06.629567300Z</date>
  <millis>1545605706629</millis>
  <nanos>567300</nanos>
  <sequence>0</sequence>
  <logger>model.gameWorld.MyLogger</logger>
  <level>WARNING</level>
  <class>model.gameObjects.shapes.plate.PlatesPool</class>
  <method>PopPlate</method>
  <thread>17</thread>
  <message>pool is empty</message>
</record>
<record>
  <date>2018-12-23T22:55:06.635606900Z</date>
  <millis>1545605706635</millis>
  <nanos>606900</nanos>
  <sequence>1</sequence>
  <logger>model.gameWorld.MyLogger</logger>
  <level>INFO</level>
  <class>model.gameObjects.shapes.plate.PlateFactory</class>
  <method>getPlate</method>
  <thread>17</thread>
  <message>rectanglar Plate instance is returned from factory </message>
</record>
<record>
  <date>2018-12-23T22:55:06.638091400Z</date>
  <millis>1545605706638</millis>
  <nanos>91400</nanos>
  <sequence>2</sequence>
  <logger>model.gameWorld.MyLogger</logger>
  <level>WARNING</level>
  <class>model.gameObjects.shapes.plate.PlatesPool</class>
  <method>PopPlate</method>
  <thread>17</thread>
  <message>pool is empty</message>
</record>
<record>
  <date>2018-12-23T22:55:06.638590Z</date>
  <millis>1545605706638</millis>
  <nanos>590000</nanos>
  <sequence>3</sequence>
  <logger>model.gameWorld.MyLogger</logger>
  <level>INFO</level>
  <class>model.gameObjects.shapes.plate.PlateFactory</class>
  <method>getPlate</method>
  <thread>17</thread>
  <message>oval Plate instance is returned from factory </message>
</record>
<record>
  <date>2018-12-23T22:55:06.643603600Z</date>
  <millis>1545605706643</millis>
  <nanos>603600</nanos>
  <sequence>4</sequence>
  <logger>model.gameWorld.MyLogger</logger>
  <level>WARNING</level>
  <class>model.gameObjects.shapes.plate.PlatesPool</class>
  <method>PopPlate</method>
  <thread>17</thread>
  <message>pool is empty</message>
</record>
<record>
  <date>2018-12-23T22:55:06.644104800Z</date>
  <millis>1545605706644</millis>
  <nanos>104800</nanos>
  <sequence>5</sequence>
  <logger>model.gameWorld.MyLogger</logger>
  <level>INFO</level>
  <class>model.gameObjects.shapes.plate.PlateFactory</class>
  <method>getPlate</method>
  <thread>17</thread>
  <message>oval Plate instance is returned from factory </message>
</record>
<record>
  <date>2018-12-23T22:55:06.644606Z</date>
  <millis>1545605706644</millis>
  <nanos>606000</nanos>
  <sequence>6</sequence>
  <logger>model.gameWorld.MyLogger</logger>
  <level>WARNING</level>
  <class>model.gameObjects.shapes.plate.PlatesPool</class>
  <method>PopPlate</method>
  <thread>17</thread>
  <message>pool is empty</message>
</record>
<record>
  <date>2018-12-23T22:55:06.645107200Z</date>
  <millis>1545605706645</millis>
  <nanos>107200</nanos>
  <sequence>7</sequence>
  <logger>model.gameWorld.MyLogger</logger>
  <level>INFO</level>
  <class>model.gameObjects.shapes.plate.PlateFactory</class>
  <method>getPlate</method>
  <thread>17</thread>
  <message>oval Plate instance is returned from factory </message>
</record>
<record>
  <date>2018-12-23T22:55:06.645107200Z</date>
  <millis>1545605706645</millis>
  <nanos>107200</nanos>
  <sequence>8</sequence>
  <logger>model.gameWorld.MyLogger</logger>
  <level>WARNING</level>
  <class>model.gameObjects.shapes.plate.PlatesPool</class>
  <method>PopPlate</method>
  <thread>17</thread>
  <message>pool is empty</message>
</record>
<record>
  <date>2018-12-23T22:55:06.645608900Z</date>
  <millis>1545605706645</millis>
  <nanos>608900</nanos>
  <sequence>9</sequence>
  <logger>model.gameWorld.MyLogger</logger>
  <level>INFO</level>
  <class>model.gameObjects.shapes.plate.PlateFactory</class>
  <method>getPlate</method>
  <thread>17</thread>
  <message>rectanglar Plate instance is returned from factory </message>
</record>
<record>
  <date>2018-12-23T22:55:06.645608900Z</date>
  <millis>1545605706645</millis>
  <nanos>608900</nanos>
  <sequence>10</sequence>
  <logger>model.gameWorld.MyLogger</logger>
  <level>WARNING</level>
  <class>model.gameObjects.shapes.plate.PlatesPool</class>
  <method>PopPlate</method>
  <thread>17</thread>
  <message>pool is empty</message>
</record>
<record>
  <date>2018-12-23T22:55:06.646110100Z</date>
  <millis>1545605706646</millis>
  <nanos>110100</nanos>
  <sequence>11</sequence>
  <logger>model.gameWorld.MyLogger</logger>
  <level>INFO</level>
  <class>model.gameObjects.shapes.plate.PlateFactory</class>
  <method>getPlate</method>
  <thread>17</thread>
  <message>oval Plate instance is returned from factory </message>
</record>
<record>
  <date>2018-12-23T22:55:08.705425Z</date>
  <millis>1545605708705</millis>
  <nanos>425000</nanos>
  <sequence>12</sequence>
  <logger>model.gameWorld.MyLogger</logger>
  <level>INFO</level>
  <class>model.gameObjects.Clown</class>
  <method>setX</method>
  <thread>17</thread>
  <message>clown moved right</message>
</record>
<record>
  <date>2018-12-23T22:55:08.853906100Z</date>
  <millis>1545605708853</millis>
  <nanos>906100</nanos>
  <sequence>13</sequence>
  <logger>model.gameWorld.MyLogger</logger>
  <level>INFO</level>
  <class>model.gameObjects.Clown</class>
  <method>intersectStacks</method>
  <thread>17</thread>
  <message>intersection of plate with right stack</message>
</record>
<record>
  <date>2018-12-23T22:55:08.854352800Z</date>
  <millis>1545605708854</millis>
  <nanos>352800</nanos>
  <sequence>14</sequence>
  <logger>model.gameWorld.MyLogger</logger>
  <level>INFO</level>
  <class>model.gameObjects.Clown</class>
  <method>intersectStacks</method>
  <thread>17</thread>
  <message>plate addded to right stack</message>
</record>
<record>
  <date>2018-12-23T22:55:08.855358300Z</date>
  <millis>1545605708855</millis>
  <nanos>358300</nanos>
  <sequence>15</sequence>
  <logger>model.gameWorld.MyLogger</logger>
  <level>WARNING</level>
  <class>model.gameObjects.shapes.plate.PlatesPool</class>
  <method>PopPlate</method>
  <thread>17</thread>
  <message>pool is empty</message>
</record>
<record>
  <date>2018-12-23T22:55:08.855898100Z</date>
  <millis>1545605708855</millis>
  <nanos>898100</nanos>
  <sequence>16</sequence>
  <logger>model.gameWorld.MyLogger</logger>
  <level>INFO</level>
  <class>model.gameObjects.shapes.plate.PlateFactory</class>
  <method>getPlate</method>
  <thread>17</thread>
  <message>rectanglar Plate instance is returned from factory </message>
</record>
<record>
  <date>2018-12-23T22:55:08.961738200Z</date>
  <millis>1545605708961</millis>
  <nanos>738200</nanos>
  <sequence>17</sequence>
  <logger>model.gameWorld.MyLogger</logger>
  <level>INFO</level>
  <class>model.gameObjects.Clown</class>
  <method>intersectStacks</method>
  <thread>17</thread>
  <message>intersection of plate with right stack</message>
</record>
<record>
  <date>2018-12-23T22:55:08.962243500Z</date>
  <millis>1545605708962</millis>
  <nanos>243500</nanos>
  <sequence>18</sequence>
  <logger>model.gameWorld.MyLogger</logger>
  <level>INFO</level>
  <class>model.gameObjects.Clown</class>
  <method>intersectStacks</method>
  <thread>17</thread>
  <message>plate addded to right stack</message>
</record>
<record>
  <date>2018-12-23T22:55:08.962243500Z</date>
  <millis>1545605708962</millis>
  <nanos>243500</nanos>
  <sequence>19</sequence>
  <logger>model.gameWorld.MyLogger</logger>
  <level>WARNING</level>
  <class>model.gameObjects.shapes.plate.PlatesPool</class>
  <method>PopPlate</method>
  <thread>17</thread>
  <message>pool is empty</message>
</record>
<record>
  <date>2018-12-23T22:55:08.962740100Z</date>
  <millis>1545605708962</millis>
  <nanos>740100</nanos>
  <sequence>20</sequence>
  <logger>model.gameWorld.MyLogger</logger>
  <level>INFO</level>
  <class>model.gameObjects.shapes.plate.PlateFactory</class>
  <method>getPlate</method>
  <thread>17</thread>
  <message>oval Plate instance is returned from factory </message>
</record>
<record>
  <date>2018-12-23T22:55:09.401304700Z</date>
  <millis>1545605709401</millis>
  <nanos>304700</nanos>
  <sequence>21</sequence>
  <logger>model.gameWorld.MyLogger</logger>
  <level>INFO</level>
  <class>model.gameObjects.Clown</class>
  <method>setX</method>
  <thread>17</thread>
  <message>clown moved right</message>
</record>
<record>
  <date>2018-12-23T22:55:09.894087800Z</date>
  <millis>1545605709894</millis>
  <nanos>87800</nanos>
  <sequence>22</sequence>
  <logger>model.gameWorld.MyLogger</logger>
  <level>INFO</level>
  <class>model.gameObjects.Clown</class>
  <method>setX</method>
  <thread>17</thread>
  <message>clown moved right</message>
</record>
<record>
  <date>2018-12-23T22:55:09.927050700Z</date>
  <millis>1545605709927</millis>
  <nanos>50700</nanos>
  <sequence>23</sequence>
  <logger>model.gameWorld.MyLogger</logger>
  <level>INFO</level>
  <class>model.gameObjects.Clown</class>
  <method>setX</method>
  <thread>17</thread>
  <message>clown moved right</message>
</record>
<record>
  <date>2018-12-23T22:55:09.950707500Z</date>
  <millis>1545605709950</millis>
  <nanos>707500</nanos>
  <sequence>24</sequence>
  <logger>model.gameWorld.MyLogger</logger>
  <level>INFO</level>
  <class>model.gameObjects.Clown</class>
  <method>setX</method>
  <thread>17</thread>
  <message>clown moved right</message>
</record>
<record>
  <date>2018-12-23T22:55:09.979970700Z</date>
  <millis>1545605709979</millis>
  <nanos>970700</nanos>
  <sequence>25</sequence>
  <logger>model.gameWorld.MyLogger</logger>
  <level>INFO</level>
  <class>model.gameObjects.Clown</class>
  <method>setX</method>
  <thread>17</thread>
  <message>clown moved right</message>
</record>
<record>
  <date>2018-12-23T22:55:10.010598200Z</date>
  <millis>1545605710010</millis>
  <nanos>598200</nanos>
  <sequence>26</sequence>
  <logger>model.gameWorld.MyLogger</logger>
  <level>INFO</level>
  <class>model.gameObjects.Clown</class>
  <method>setX</method>
  <thread>17</thread>
  <message>clown moved right</message>
</record>
<record>
  <date>2018-12-23T22:55:10.044630800Z</date>
  <millis>1545605710044</millis>
  <nanos>630800</nanos>
  <sequence>27</sequence>
  <logger>model.gameWorld.MyLogger</logger>
  <level>INFO</level>
  <class>model.gameObjects.Clown</class>
  <method>setX</method>
  <thread>17</thread>
  <message>clown moved right</message>
</record>
<record>
  <date>2018-12-23T22:55:10.517327200Z</date>
  <millis>1545605710517</millis>
  <nanos>327200</nanos>
  <sequence>28</sequence>
  <logger>model.gameWorld.MyLogger</logger>
  <level>INFO</level>
  <class>model.gameObjects.Clown</class>
  <method>setX</method>
  <thread>17</thread>
  <message>clown moved left</message>
</record>
<record>
  <date>2018-12-23T22:55:11.249739800Z</date>
  <millis>1545605711249</millis>
  <nanos>739800</nanos>
  <sequence>29</sequence>
  <logger>model.gameWorld.MyLogger</logger>
  <level>INFO</level>
  <class>model.gameObjects.Clown</class>
  <method>setX</method>
  <thread>17</thread>
  <message>clown moved left</message>
</record>
<record>
  <date>2018-12-23T22:55:11.254805300Z</date>
  <millis>1545605711254</millis>
  <nanos>805300</nanos>
  <sequence>30</sequence>
  <logger>model.gameWorld.MyLogger</logger>
  <level>INFO</level>
  <class>model.gameObjects.Clown</class>
  <method>intersectStacks</method>
  <thread>17</thread>
  <message>intersection of plate with right stack</message>
</record>
<record>
  <date>2018-12-23T22:55:11.255247400Z</date>
  <millis>1545605711255</millis>
  <nanos>247400</nanos>
  <sequence>31</sequence>
  <logger>model.gameWorld.MyLogger</logger>
  <level>INFO</level>
  <class>model.gameObjects.Clown</class>
  <method>intersectStacks</method>
  <thread>17</thread>
  <message>plate addded to right stack</message>
</record>
<record>
  <date>2018-12-23T22:55:11.255247400Z</date>
  <millis>1545605711255</millis>
  <nanos>247400</nanos>
  <sequence>32</sequence>
  <logger>model.gameWorld.MyLogger</logger>
  <level>WARNING</level>
  <class>model.gameObjects.shapes.plate.PlatesPool</class>
  <method>PopPlate</method>
  <thread>17</thread>
  <message>pool is empty</message>
</record>
<record>
  <date>2018-12-23T22:55:11.255750600Z</date>
  <millis>1545605711255</millis>
  <nanos>750600</nanos>
  <sequence>33</sequence>
  <logger>model.gameWorld.MyLogger</logger>
  <level>INFO</level>
  <class>model.gameObjects.shapes.plate.PlateFactory</class>
  <method>getPlate</method>
  <thread>17</thread>
  <message>rectanglar Plate instance is returned from factory </message>
</record>
<record>
  <date>2018-12-23T22:55:11.510147400Z</date>
  <millis>1545605711510</millis>
  <nanos>147400</nanos>
  <sequence>34</sequence>
  <logger>model.gameWorld.MyLogger</logger>
  <level>INFO</level>
  <class>model.gameObjects.Clown</class>
  <method>setX</method>
  <thread>17</thread>
  <message>clown moved left</message>
</record>
<record>
  <date>2018-12-23T22:55:11.927193100Z</date>
  <millis>1545605711927</millis>
  <nanos>193100</nanos>
  <sequence>35</sequence>
  <logger>model.gameWorld.MyLogger</logger>
  <level>INFO</level>
  <class>model.gameObjects.Clown</class>
  <method>setX</method>
  <thread>17</thread>
  <message>clown moved left</message>
</record>
<record>
  <date>2018-12-23T22:55:12.146947500Z</date>
  <millis>1545605712146</millis>
  <nanos>947500</nanos>
  <sequence>36</sequence>
  <logger>model.gameWorld.MyLogger</logger>
  <level>INFO</level>
  <class>model.gameObjects.Clown</class>
  <method>setX</method>
  <thread>17</thread>
  <message>clown moved left</message>
</record>
<record>
  <date>2018-12-23T22:55:12.365689300Z</date>
  <millis>1545605712365</millis>
  <nanos>689300</nanos>
  <sequence>37</sequence>
  <logger>model.gameWorld.MyLogger</logger>
  <level>INFO</level>
  <class>model.gameObjects.Clown</class>
  <method>setX</method>
  <thread>17</thread>
  <message>clown moved left</message>
</record>
<record>
  <date>2018-12-23T22:55:12.653729500Z</date>
  <millis>1545605712653</millis>
  <nanos>729500</nanos>
  <sequence>38</sequence>
  <logger>model.gameWorld.MyLogger</logger>
  <level>INFO</level>
  <class>model.gameObjects.Clown</class>
  <method>setX</method>
  <thread>17</thread>
  <message>clown moved left</message>
</record>
<record>
  <date>2018-12-23T22:55:12.701778300Z</date>
  <millis>1545605712701</millis>
  <nanos>778300</nanos>
  <sequence>39</sequence>
  <logger>model.gameWorld.MyLogger</logger>
  <level>INFO</level>
  <class>model.gameObjects.Clown</class>
  <method>intersectStacks</method>
  <thread>17</thread>
  <message>intersection of plate with right stack</message>
</record>
<record>
  <date>2018-12-23T22:55:12.702789Z</date>
  <millis>1545605712702</millis>
  <nanos>789000</nanos>
  <sequence>40</sequence>
  <logger>model.gameWorld.MyLogger</logger>
  <level>INFO</level>
  <class>model.gameObjects.Clown</class>
  <method>intersectStacks</method>
  <thread>17</thread>
  <message>plate addded to right stack</message>
</record>
<record>
  <date>2018-12-23T22:55:12.705290900Z</date>
  <millis>1545605712705</millis>
  <nanos>290900</nanos>
  <sequence>41</sequence>
  <logger>model.gameWorld.MyLogger</logger>
  <level>WARNING</level>
  <class>model.gameWorld.GameWorld</class>
  <method>refresh</method>
  <thread>17</thread>
  <message>score up</message>
</record>
<record>
  <date>2018-12-23T22:55:12.861018100Z</date>
  <millis>1545605712861</millis>
  <nanos>18100</nanos>
  <sequence>42</sequence>
  <logger>model.gameWorld.MyLogger</logger>
  <level>INFO</level>
  <class>model.gameObjects.Clown</class>
  <method>setX</method>
  <thread>17</thread>
  <message>clown moved left</message>
</record>
<record>
  <date>2018-12-23T22:55:13.043118400Z</date>
  <millis>1545605713043</millis>
  <nanos>118400</nanos>
  <sequence>43</sequence>
  <logger>model.gameWorld.MyLogger</logger>
  <level>INFO</level>
  <class>model.gameObjects.Clown</class>
  <method>setX</method>
  <thread>17</thread>
  <message>clown moved left</message>
</record>
<record>
  <date>2018-12-23T22:55:13.394670300Z</date>
  <millis>1545605713394</millis>
  <nanos>670300</nanos>
  <sequence>44</sequence>
  <logger>model.gameWorld.MyLogger</logger>
  <level>INFO</level>
  <class>model.gameObjects.Clown</class>
  <method>setX</method>
  <thread>17</thread>
  <message>clown moved right</message>
</record>
<record>
  <date>2018-12-23T22:55:13.880973200Z</date>
  <millis>1545605713880</millis>
  <nanos>973200</nanos>
  <sequence>45</sequence>
  <logger>model.gameWorld.MyLogger</logger>
  <level>INFO</level>
  <class>model.gameObjects.Clown</class>
  <method>setX</method>
  <thread>17</thread>
  <message>clown moved right</message>
</record>
<record>
  <date>2018-12-23T22:55:13.914701500Z</date>
  <millis>1545605713914</millis>
  <nanos>701500</nanos>
  <sequence>46</sequence>
  <logger>model.gameWorld.MyLogger</logger>
  <level>INFO</level>
  <class>model.gameObjects.Clown</class>
  <method>setX</method>
  <thread>17</thread>
  <message>clown moved right</message>
</record>
<record>
  <date>2018-12-23T22:55:13.938621Z</date>
  <millis>1545605713938</millis>
  <nanos>621000</nanos>
  <sequence>47</sequence>
  <logger>model.gameWorld.MyLogger</logger>
  <level>INFO</level>
  <class>model.gameObjects.Clown</class>
  <method>setX</method>
  <thread>17</thread>
  <message>clown moved right</message>
</record>
<record>
  <date>2018-12-23T22:55:13.969667Z</date>
  <millis>1545605713969</millis>
  <nanos>667000</nanos>
  <sequence>48</sequence>
  <logger>model.gameWorld.MyLogger</logger>
  <level>INFO</level>
  <class>model.gameObjects.Clown</class>
  <method>setX</method>
  <thread>17</thread>
  <message>clown moved right</message>
</record>
<record>
  <date>2018-12-23T22:55:14.000705700Z</date>
  <millis>1545605714000</millis>
  <nanos>705700</nanos>
  <sequence>49</sequence>
  <logger>model.gameWorld.MyLogger</logger>
  <level>INFO</level>
  <class>model.gameObjects.Clown</class>
  <method>setX</method>
  <thread>17</thread>
  <message>clown moved right</message>
</record>
<record>
  <date>2018-12-23T22:55:14.027193Z</date>
  <millis>1545605714027</millis>
  <nanos>193000</nanos>
  <sequence>50</sequence>
  <logger>model.gameWorld.MyLogger</logger>
  <level>INFO</level>
  <class>model.gameObjects.Clown</class>
  <method>setX</method>
  <thread>17</thread>
  <message>clown moved right</message>
</record>
<record>
  <date>2018-12-23T22:55:14.348325500Z</date>
  <millis>1545605714348</millis>
  <nanos>325500</nanos>
  <sequence>51</sequence>
  <logger>model.gameWorld.MyLogger</logger>
  <level>INFO</level>
  <class>model.gameObjects.Clown</class>
  <method>setX</method>
  <thread>17</thread>
  <message>clown moved right</message>
</record>
<record>
  <date>2018-12-23T22:55:15.250727300Z</date>
  <millis>1545605715250</millis>
  <nanos>727300</nanos>
  <sequence>52</sequence>
  <logger>model.gameWorld.MyLogger</logger>
  <level>INFO</level>
  <class>model.gameObjects.Clown</class>
  <method>intersectStacks</method>
  <thread>17</thread>
  <message>intersection of plate with left stack</message>
</record>
<record>
  <date>2018-12-23T22:55:15.251230500Z</date>
  <millis>1545605715251</millis>
  <nanos>230500</nanos>
  <sequence>53</sequence>
  <logger>model.gameWorld.MyLogger</logger>
  <level>INFO</level>
  <class>model.gameObjects.Clown</class>
  <method>intersectStacks</method>
  <thread>17</thread>
  <message>plate addded to left stack</message>
</record>
<record>
  <date>2018-12-23T22:55:15.451382Z</date>
  <millis>1545605715451</millis>
  <nanos>382000</nanos>
  <sequence>54</sequence>
  <logger>model.gameWorld.MyLogger</logger>
  <level>INFO</level>
  <class>model.gameObjects.Clown</class>
  <method>setX</method>
  <thread>17</thread>
  <message>clown moved right</message>
</record>
<record>
  <date>2018-12-23T22:55:15.636699300Z</date>
  <millis>1545605715636</millis>
  <nanos>699300</nanos>
  <sequence>55</sequence>
  <logger>model.gameWorld.MyLogger</logger>
  <level>INFO</level>
  <class>model.gameObjects.Clown</class>
  <method>setX</method>
  <thread>17</thread>
  <message>clown moved right</message>
</record>
<record>
  <date>2018-12-23T22:55:15.798831600Z</date>
  <millis>1545605715798</millis>
  <nanos>831600</nanos>
  <sequence>56</sequence>
  <logger>model.gameWorld.MyLogger</logger>
  <level>INFO</level>
  <class>model.gameObjects.Clown</class>
  <method>setX</method>
  <thread>17</thread>
  <message>clown moved right</message>
</record>
<record>
  <date>2018-12-23T22:55:16.207914100Z</date>
  <millis>1545605716207</millis>
  <nanos>914100</nanos>
  <sequence>57</sequence>
  <logger>model.gameWorld.MyLogger</logger>
  <level>INFO</level>
  <class>model.gameObjects.shapes.plate.PlateFactory</class>
  <method>getBatmanLogo</method>
  <thread>17</thread>
  <message>batman logo instance is returned from factory </message>
</record>
<record>
  <date>2018-12-23T22:55:16.416935100Z</date>
  <millis>1545605716416</millis>
  <nanos>935100</nanos>
  <sequence>58</sequence>
  <logger>model.gameWorld.MyLogger</logger>
  <level>INFO</level>
  <class>model.gameObjects.Clown</class>
  <method>setX</method>
  <thread>17</thread>
  <message>clown moved right</message>
</record>
<record>
  <date>2018-12-23T22:55:16.431882800Z</date>
  <millis>1545605716431</millis>
  <nanos>882800</nanos>
  <sequence>59</sequence>
  <logger>model.gameWorld.MyLogger</logger>
  <level>INFO</level>
  <class>model.gameObjects.Clown</class>
  <method>intersectStacks</method>
  <thread>17</thread>
  <message>intersection of plate with right stack</message>
</record>
<record>
  <date>2018-12-23T22:55:16.431882800Z</date>
  <millis>1545605716431</millis>
  <nanos>882800</nanos>
  <sequence>60</sequence>
  <logger>model.gameWorld.MyLogger</logger>
  <level>INFO</level>
  <class>model.gameObjects.Clown</class>
  <method>intersectStacks</method>
  <thread>17</thread>
  <message>plate addded to right stack</message>
</record>
<record>
  <date>2018-12-23T22:55:16.623554900Z</date>
  <millis>1545605716623</millis>
  <nanos>554900</nanos>
  <sequence>61</sequence>
  <logger>model.gameWorld.MyLogger</logger>
  <level>INFO</level>
  <class>model.gameObjects.Clown</class>
  <method>setX</method>
  <thread>17</thread>
  <message>clown moved right</message>
</record>
<record>
  <date>2018-12-23T22:55:16.791749Z</date>
  <millis>1545605716791</millis>
  <nanos>749000</nanos>
  <sequence>62</sequence>
  <logger>model.gameWorld.MyLogger</logger>
  <level>INFO</level>
  <class>model.gameObjects.Clown</class>
  <method>setX</method>
  <thread>17</thread>
  <message>clown moved right</message>
</record>
<record>
  <date>2018-12-23T22:55:17.024301900Z</date>
  <millis>1545605717024</millis>
  <nanos>301900</nanos>
  <sequence>63</sequence>
  <logger>model.gameWorld.MyLogger</logger>
  <level>INFO</level>
  <class>model.gameObjects.Clown</class>
  <method>setX</method>
  <thread>17</thread>
  <message>clown moved right</message>
</record>
<record>
  <date>2018-12-23T22:55:17.249587100Z</date>
  <millis>1545605717249</millis>
  <nanos>587100</nanos>
  <sequence>64</sequence>
  <logger>model.gameWorld.MyLogger</logger>
  <level>INFO</level>
  <class>model.gameObjects.Clown</class>
  <method>setX</method>
  <thread>17</thread>
  <message>clown moved left</message>
</record>
<record>
  <date>2018-12-23T22:55:17.308233200Z</date>
  <millis>1545605717308</millis>
  <nanos>233200</nanos>
  <sequence>65</sequence>
  <logger>model.gameWorld.MyLogger</logger>
  <level>INFO</level>
  <class>model.gameObjects.Clown</class>
  <method>intersectStacks</method>
  <thread>17</thread>
  <message>intersection of plate with left stack</message>
</record>
<record>
  <date>2018-12-23T22:55:17.308233200Z</date>
  <millis>1545605717308</millis>
  <nanos>233200</nanos>
  <sequence>66</sequence>
  <logger>model.gameWorld.MyLogger</logger>
  <level>INFO</level>
  <class>model.gameObjects.Clown</class>
  <method>intersectStacks</method>
  <thread>17</thread>
  <message>plate addded to left stack</message>
</record>
<record>
  <date>2018-12-23T22:55:17.308786900Z</date>
  <millis>1545605717308</millis>
  <nanos>786900</nanos>
  <sequence>67</sequence>
  <logger>model.gameWorld.MyLogger</logger>
  <level>WARNING</level>
  <class>model.gameObjects.shapes.plate.PlatesPool</class>
  <method>PopPlate</method>
  <thread>17</thread>
  <message>pool is empty</message>
</record>
<record>
  <date>2018-12-23T22:55:17.309238700Z</date>
  <millis>1545605717309</millis>
  <nanos>238700</nanos>
  <sequence>68</sequence>
  <logger>model.gameWorld.MyLogger</logger>
  <level>INFO</level>
  <class>model.gameObjects.shapes.plate.PlateFactory</class>
  <method>getPlate</method>
  <thread>17</thread>
  <message>rectanglar Plate instance is returned from factory </message>
</record>
<record>
  <date>2018-12-23T22:55:17.444545Z</date>
  <millis>1545605717444</millis>
  <nanos>545000</nanos>
  <sequence>69</sequence>
  <logger>model.gameWorld.MyLogger</logger>
  <level>INFO</level>
  <class>model.gameObjects.Clown</class>
  <method>setX</method>
  <thread>17</thread>
  <message>clown moved left</message>
</record>
<record>
  <date>2018-12-23T22:55:17.597786300Z</date>
  <millis>1545605717597</millis>
  <nanos>786300</nanos>
  <sequence>70</sequence>
  <logger>model.gameWorld.MyLogger</logger>
  <level>INFO</level>
  <class>model.gameObjects.Clown</class>
  <method>setX</method>
  <thread>17</thread>
  <message>clown moved left</message>
</record>
<record>
  <date>2018-12-23T22:55:17.759343400Z</date>
  <millis>1545605717759</millis>
  <nanos>343400</nanos>
  <sequence>71</sequence>
  <logger>model.gameWorld.MyLogger</logger>
  <level>INFO</level>
  <class>model.gameObjects.Clown</class>
  <method>setX</method>
  <thread>17</thread>
  <message>clown moved left</message>
</record>
<record>
  <date>2018-12-23T22:55:17.897158300Z</date>
  <millis>1545605717897</millis>
  <nanos>158300</nanos>
  <sequence>72</sequence>
  <logger>model.gameWorld.MyLogger</logger>
  <level>INFO</level>
  <class>model.gameObjects.Clown</class>
  <method>setX</method>
  <thread>17</thread>
  <message>clown moved left</message>
</record>
<record>
  <date>2018-12-23T22:55:18.675572800Z</date>
  <millis>1545605718675</millis>
  <nanos>572800</nanos>
  <sequence>73</sequence>
  <logger>model.gameWorld.MyLogger</logger>
  <level>INFO</level>
  <class>model.gameObjects.Clown</class>
  <method>setX</method>
  <thread>17</thread>
  <message>clown moved right</message>
</record>
<record>
  <date>2018-12-23T22:55:20.046872600Z</date>
  <millis>1545605720046</millis>
  <nanos>872600</nanos>
  <sequence>74</sequence>
  <logger>model.gameWorld.MyLogger</logger>
  <level>INFO</level>
  <class>model.gameObjects.Clown</class>
  <method>setX</method>
  <thread>17</thread>
  <message>clown moved right</message>
</record>
<record>
  <date>2018-12-23T22:55:20.564359200Z</date>
  <millis>1545605720564</millis>
  <nanos>359200</nanos>
  <sequence>75</sequence>
  <logger>model.gameWorld.MyLogger</logger>
  <level>INFO</level>
  <class>model.gameObjects.Clown</class>
  <method>setX</method>
  <thread>17</thread>
  <message>clown moved right</message>
</record>
<record>
  <date>2018-12-23T22:55:20.779933400Z</date>
  <millis>1545605720779</millis>
  <nanos>933400</nanos>
  <sequence>76</sequence>
  <logger>model.gameWorld.MyLogger</logger>
  <level>INFO</level>
  <class>model.gameObjects.Clown</class>
  <method>setX</method>
  <thread>17</thread>
  <message>clown moved right</message>
</record>
<record>
  <date>2018-12-23T22:55:21.206233100Z</date>
  <millis>1545605721206</millis>
  <nanos>233100</nanos>
  <sequence>77</sequence>
  <logger>model.gameWorld.MyLogger</logger>
  <level>INFO</level>
  <class>model.gameObjects.shapes.plate.PlateFactory</class>
  <method>getHarleyLogo</method>
  <thread>17</thread>
  <message>harley logo instance is returned from factory </message>
</record>
<record>
  <date>2018-12-23T22:55:21.772159800Z</date>
  <millis>1545605721772</millis>
  <nanos>159800</nanos>
  <sequence>78</sequence>
  <logger>model.gameWorld.MyLogger</logger>
  <level>INFO</level>
  <class>model.gameObjects.Clown</class>
  <method>setX</method>
  <thread>17</thread>
  <message>clown moved left</message>
</record>
<record>
  <date>2018-12-23T22:55:22.044732600Z</date>
  <millis>1545605722044</millis>
  <nanos>732600</nanos>
  <sequence>79</sequence>
  <logger>model.gameWorld.MyLogger</logger>
  <level>INFO</level>
  <class>model.gameObjects.Clown</class>
  <method>setX</method>
  <thread>17</thread>
  <message>clown moved left</message>
</record>
<record>
  <date>2018-12-23T22:55:22.278533100Z</date>
  <millis>1545605722278</millis>
  <nanos>533100</nanos>
  <sequence>80</sequence>
  <logger>model.gameWorld.MyLogger</logger>
  <level>INFO</level>
  <class>model.gameObjects.Clown</class>
  <method>setX</method>
  <thread>17</thread>
  <message>clown moved left</message>
</record>
<record>
  <date>2018-12-23T22:55:23.599754600Z</date>
  <millis>1545605723599</millis>
  <nanos>754600</nanos>
  <sequence>81</sequence>
  <logger>model.gameWorld.MyLogger</logger>
  <level>INFO</level>
  <class>model.gameObjects.Clown</class>
  <method>setX</method>
  <thread>17</thread>
  <message>clown moved left</message>
</record>
<record>
  <date>2018-12-23T22:55:23.990125400Z</date>
  <millis>1545605723990</millis>
  <nanos>125400</nanos>
  <sequence>82</sequence>
  <logger>model.gameWorld.MyLogger</logger>
  <level>INFO</level>
  <class>model.gameObjects.Clown</class>
  <method>setX</method>
  <thread>17</thread>
  <message>clown moved right</message>
</record>
<record>
  <date>2018-12-23T22:55:24.195515600Z</date>
  <millis>1545605724195</millis>
  <nanos>515600</nanos>
  <sequence>83</sequence>
  <logger>model.gameWorld.MyLogger</logger>
  <level>INFO</level>
  <class>model.gameObjects.Clown</class>
  <method>setX</method>
  <thread>17</thread>
  <message>clown moved right</message>
</record>
<record>
  <date>2018-12-23T22:55:24.393285900Z</date>
  <millis>1545605724393</millis>
  <nanos>285900</nanos>
  <sequence>84</sequence>
  <logger>model.gameWorld.MyLogger</logger>
  <level>INFO</level>
  <class>model.gameObjects.Clown</class>
  <method>setX</method>
  <thread>17</thread>
  <message>clown moved right</message>
</record>
<record>
  <date>2018-12-23T22:55:24.820583900Z</date>
  <millis>1545605724820</millis>
  <nanos>583900</nanos>
  <sequence>85</sequence>
  <logger>model.gameWorld.MyLogger</logger>
  <level>INFO</level>
  <class>model.gameObjects.Clown</class>
  <method>setX</method>
  <thread>17</thread>
  <message>clown moved left</message>
</record>
<record>
  <date>2018-12-23T22:55:25.056488Z</date>
  <millis>1545605725056</millis>
  <nanos>488000</nanos>
  <sequence>86</sequence>
  <logger>model.gameWorld.MyLogger</logger>
  <level>INFO</level>
  <class>model.gameObjects.Clown</class>
  <method>setX</method>
  <thread>17</thread>
  <message>clown moved left</message>
</record>
<record>
  <date>2018-12-23T22:55:25.596395200Z</date>
  <millis>1545605725596</millis>
  <nanos>395200</nanos>
  <sequence>87</sequence>
  <logger>model.gameWorld.MyLogger</logger>
  <level>INFO</level>
  <class>model.gameObjects.Clown</class>
  <method>setX</method>
  <thread>17</thread>
  <message>clown moved left</message>
</record>
<record>
  <date>2018-12-23T22:55:25.832728Z</date>
  <millis>1545605725832</millis>
  <nanos>728000</nanos>
  <sequence>88</sequence>
  <logger>model.gameWorld.MyLogger</logger>
  <level>INFO</level>
  <class>model.gameObjects.Clown</class>
  <method>setX</method>
  <thread>17</thread>
  <message>clown moved left</message>
</record>
<record>
  <date>2018-12-23T22:55:26.080247700Z</date>
  <millis>1545605726080</millis>
  <nanos>247700</nanos>
  <sequence>89</sequence>
  <logger>model.gameWorld.MyLogger</logger>
  <level>INFO</level>
  <class>model.gameObjects.Clown</class>
  <method>setX</method>
  <thread>17</thread>
  <message>clown moved left</message>
</record>
<record>
  <date>2018-12-23T22:55:26.216083500Z</date>
  <millis>1545605726216</millis>
  <nanos>83500</nanos>
  <sequence>90</sequence>
  <logger>model.gameWorld.MyLogger</logger>
  <level>INFO</level>
  <class>model.gameObjects.shapes.plate.PlateFactory</class>
  <method>getBatmanLogo</method>
  <thread>17</thread>
  <message>batman logo instance is returned from factory </message>
</record>
<record>
  <date>2018-12-23T22:55:26.440562600Z</date>
  <millis>1545605726440</millis>
  <nanos>562600</nanos>
  <sequence>91</sequence>
  <logger>model.gameWorld.MyLogger</logger>
  <level>INFO</level>
  <class>model.gameObjects.Clown</class>
  <method>setX</method>
  <thread>17</thread>
  <message>clown moved right</message>
</record>
<record>
  <date>2018-12-23T22:55:26.710077200Z</date>
  <millis>1545605726710</millis>
  <nanos>77200</nanos>
  <sequence>92</sequence>
  <logger>model.gameWorld.MyLogger</logger>
  <level>INFO</level>
  <class>model.gameObjects.Clown</class>
  <method>setX</method>
  <thread>17</thread>
  <message>clown moved right</message>
</record>
<record>
  <date>2018-12-23T22:55:27.106849600Z</date>
  <millis>1545605727106</millis>
  <nanos>849600</nanos>
  <sequence>93</sequence>
  <logger>model.gameWorld.MyLogger</logger>
  <level>INFO</level>
  <class>model.gameObjects.Clown</class>
  <method>setX</method>
  <thread>17</thread>
  <message>clown moved right</message>
</record>
<record>
  <date>2018-12-23T22:55:27.605240600Z</date>
  <millis>1545605727605</millis>
  <nanos>240600</nanos>
  <sequence>94</sequence>
  <logger>model.gameWorld.MyLogger</logger>
  <level>INFO</level>
  <class>model.gameObjects.Clown</class>
  <method>setX</method>
  <thread>17</thread>
  <message>clown moved left</message>
</record>
<record>
  <date>2018-12-23T22:55:27.876614Z</date>
  <millis>1545605727876</millis>
  <nanos>614000</nanos>
  <sequence>95</sequence>
  <logger>model.gameWorld.MyLogger</logger>
  <level>INFO</level>
  <class>model.gameObjects.Clown</class>
  <method>setX</method>
  <thread>17</thread>
  <message>clown moved right</message>
</record>
<record>
  <date>2018-12-23T22:55:28.084138600Z</date>
  <millis>1545605728084</millis>
  <nanos>138600</nanos>
  <sequence>96</sequence>
  <logger>model.gameWorld.MyLogger</logger>
  <level>INFO</level>
  <class>model.gameObjects.Clown</class>
  <method>intersectStacks</method>
  <thread>17</thread>
  <message>intersection of plate with right stack</message>
</record>
<record>
  <date>2018-12-23T22:55:28.084692700Z</date>
  <millis>1545605728084</millis>
  <nanos>692700</nanos>
  <sequence>97</sequence>
  <logger>model.gameWorld.MyLogger</logger>
  <level>INFO</level>
  <class>model.gameObjects.Clown</class>
  <method>intersectStacks</method>
  <thread>17</thread>
  <message>plate addded to right stack</message>
</record>
<record>
  <date>2018-12-23T22:55:28.085145600Z</date>
  <millis>1545605728085</millis>
  <nanos>145600</nanos>
  <sequence>98</sequence>
  <logger>model.gameWorld.MyLogger</logger>
  <level>WARNING</level>
  <class>model.gameWorld.GameWorld</class>
  <method>refresh</method>
  <thread>17</thread>
  <message>score up</message>
</record>
<record>
  <date>2018-12-23T22:55:28.222659300Z</date>
  <millis>1545605728222</millis>
  <nanos>659300</nanos>
  <sequence>99</sequence>
  <logger>model.gameWorld.MyLogger</logger>
  <level>INFO</level>
  <class>model.gameObjects.Clown</class>
  <method>setX</method>
  <thread>17</thread>
  <message>clown moved right</message>
</record>
<record>
  <date>2018-12-23T22:55:28.706202300Z</date>
  <millis>1545605728706</millis>
  <nanos>202300</nanos>
  <sequence>100</sequence>
  <logger>model.gameWorld.MyLogger</logger>
  <level>INFO</level>
  <class>model.gameObjects.Clown</class>
  <method>setX</method>
  <thread>17</thread>
  <message>clown moved right</message>
</record>
<record>
  <date>2018-12-23T22:55:28.739983500Z</date>
  <millis>1545605728739</millis>
  <nanos>983500</nanos>
  <sequence>101</sequence>
  <logger>model.gameWorld.MyLogger</logger>
  <level>INFO</level>
  <class>model.gameObjects.Clown</class>
  <method>setX</method>
  <thread>17</thread>
  <message>clown moved right</message>
</record>
<record>
  <date>2018-12-23T22:55:28.772997700Z</date>
  <millis>1545605728772</millis>
  <nanos>997700</nanos>
  <sequence>102</sequence>
  <logger>model.gameWorld.MyLogger</logger>
  <level>INFO</level>
  <class>model.gameObjects.Clown</class>
  <method>setX</method>
  <thread>17</thread>
  <message>clown moved right</message>
</record>
<record>
  <date>2018-12-23T22:55:28.794403100Z</date>
  <millis>1545605728794</millis>
  <nanos>403100</nanos>
  <sequence>103</sequence>
  <logger>model.gameWorld.MyLogger</logger>
  <level>INFO</level>
  <class>model.gameObjects.Clown</class>
  <method>setX</method>
  <thread>17</thread>
  <message>clown moved right</message>
</record>
<record>
  <date>2018-12-23T22:55:28.824480500Z</date>
  <millis>1545605728824</millis>
  <nanos>480500</nanos>
  <sequence>104</sequence>
  <logger>model.gameWorld.MyLogger</logger>
  <level>INFO</level>
  <class>model.gameObjects.Clown</class>
  <method>setX</method>
  <thread>17</thread>
  <message>clown moved right</message>
</record>
<record>
  <date>2018-12-23T22:55:28.856125800Z</date>
  <millis>1545605728856</millis>
  <nanos>125800</nanos>
  <sequence>105</sequence>
  <logger>model.gameWorld.MyLogger</logger>
  <level>INFO</level>
  <class>model.gameObjects.Clown</class>
  <method>setX</method>
  <thread>17</thread>
  <message>clown moved right</message>
</record>
<record>
  <date>2018-12-23T22:55:28.890109500Z</date>
  <millis>1545605728890</millis>
  <nanos>109500</nanos>
  <sequence>106</sequence>
  <logger>model.gameWorld.MyLogger</logger>
  <level>INFO</level>
  <class>model.gameObjects.Clown</class>
  <method>setX</method>
  <thread>17</thread>
  <message>clown moved right</message>
</record>
<record>
  <date>2018-12-23T22:55:28.913886700Z</date>
  <millis>1545605728913</millis>
  <nanos>886700</nanos>
  <sequence>107</sequence>
  <logger>model.gameWorld.MyLogger</logger>
  <level>INFO</level>
  <class>model.gameObjects.Clown</class>
  <method>setX</method>
  <thread>17</thread>
  <message>clown moved right</message>
</record>
<record>
  <date>2018-12-23T22:55:29.042958600Z</date>
  <millis>1545605729042</millis>
  <nanos>958600</nanos>
  <sequence>108</sequence>
  <logger>model.gameWorld.MyLogger</logger>
  <level>INFO</level>
  <class>model.gameObjects.Clown</class>
  <method>intersectStacks</method>
  <thread>17</thread>
  <message>intersection of plate with left stack</message>
</record>
<record>
  <date>2018-12-23T22:55:29.042958600Z</date>
  <millis>1545605729042</millis>
  <nanos>958600</nanos>
  <sequence>109</sequence>
  <logger>model.gameWorld.MyLogger</logger>
  <level>INFO</level>
  <class>model.gameObjects.Clown</class>
  <method>intersectStacks</method>
  <thread>17</thread>
  <message>plate addded to left stack</message>
</record>
<record>
  <date>2018-12-23T22:55:29.043459800Z</date>
  <millis>1545605729043</millis>
  <nanos>459800</nanos>
  <sequence>110</sequence>
  <logger>model.gameWorld.MyLogger</logger>
  <level>WARNING</level>
  <class>model.gameWorld.GameWorld</class>
  <method>refresh</method>
  <thread>17</thread>
  <message>score up</message>
</record>
<record>
  <date>2018-12-23T22:55:29.122934400Z</date>
  <millis>1545605729122</millis>
  <nanos>934400</nanos>
  <sequence>111</sequence>
  <logger>model.gameWorld.MyLogger</logger>
  <level>INFO</level>
  <class>model.gameObjects.Clown</class>
  <method>setX</method>
  <thread>17</thread>
  <message>clown moved right</message>
</record>
<record>
  <date>2018-12-23T22:55:29.633054600Z</date>
  <millis>1545605729633</millis>
  <nanos>54600</nanos>
  <sequence>112</sequence>
  <logger>model.gameWorld.MyLogger</logger>
  <level>INFO</level>
  <class>model.gameObjects.Clown</class>
  <method>setX</method>
  <thread>17</thread>
  <message>clown moved left</message>
</record>
<record>
  <date>2018-12-23T22:55:29.850860300Z</date>
  <millis>1545605729850</millis>
  <nanos>860300</nanos>
  <sequence>113</sequence>
  <logger>model.gameWorld.MyLogger</logger>
  <level>INFO</level>
  <class>model.gameObjects.Clown</class>
  <method>setX</method>
  <thread>17</thread>
  <message>clown moved left</message>
</record>
<record>
  <date>2018-12-23T22:55:30.096177300Z</date>
  <millis>1545605730096</millis>
  <nanos>177300</nanos>
  <sequence>114</sequence>
  <logger>model.gameWorld.MyLogger</logger>
  <level>INFO</level>
  <class>model.gameObjects.Clown</class>
  <method>setX</method>
  <thread>17</thread>
  <message>clown moved left</message>
</record>
<record>
  <date>2018-12-23T22:55:30.370141500Z</date>
  <millis>1545605730370</millis>
  <nanos>141500</nanos>
  <sequence>115</sequence>
  <logger>model.gameWorld.MyLogger</logger>
  <level>INFO</level>
  <class>model.gameObjects.Clown</class>
  <method>setX</method>
  <thread>17</thread>
  <message>clown moved left</message>
</record>
<record>
  <date>2018-12-23T22:55:30.554506800Z</date>
  <millis>1545605730554</millis>
  <nanos>506800</nanos>
  <sequence>116</sequence>
  <logger>model.gameWorld.MyLogger</logger>
  <level>INFO</level>
  <class>model.gameObjects.Clown</class>
  <method>setX</method>
  <thread>17</thread>
  <message>clown moved left</message>
</record>
<record>
  <date>2018-12-23T22:55:31.040481300Z</date>
  <millis>1545605731040</millis>
  <nanos>481300</nanos>
  <sequence>117</sequence>
  <logger>model.gameWorld.MyLogger</logger>
  <level>INFO</level>
  <class>model.gameObjects.Clown</class>
  <method>setX</method>
  <thread>17</thread>
  <message>clown moved left</message>
</record>
<record>
  <date>2018-12-23T22:55:31.071823300Z</date>
  <millis>1545605731071</millis>
  <nanos>823300</nanos>
  <sequence>118</sequence>
  <logger>model.gameWorld.MyLogger</logger>
  <level>INFO</level>
  <class>model.gameObjects.Clown</class>
  <method>setX</method>
  <thread>17</thread>
  <message>clown moved left</message>
</record>
<record>
  <date>2018-12-23T22:55:31.103912800Z</date>
  <millis>1545605731103</millis>
  <nanos>912800</nanos>
  <sequence>119</sequence>
  <logger>model.gameWorld.MyLogger</logger>
  <level>INFO</level>
  <class>model.gameObjects.Clown</class>
  <method>setX</method>
  <thread>17</thread>
  <message>clown moved left</message>
</record>
<record>
  <date>2018-12-23T22:55:31.137601Z</date>
  <millis>1545605731137</millis>
  <nanos>601000</nanos>
  <sequence>120</sequence>
  <logger>model.gameWorld.MyLogger</logger>
  <level>INFO</level>
  <class>model.gameObjects.Clown</class>
  <method>setX</method>
  <thread>17</thread>
  <message>clown moved left</message>
</record>
<record>
  <date>2018-12-23T22:55:31.169860Z</date>
  <millis>1545605731169</millis>
  <nanos>860000</nanos>
  <sequence>121</sequence>
  <logger>model.gameWorld.MyLogger</logger>
  <level>INFO</level>
  <class>model.gameObjects.Clown</class>
  <method>setX</method>
  <thread>17</thread>
  <message>clown moved left</message>
</record>
<record>
  <date>2018-12-23T22:55:31.201444700Z</date>
  <millis>1545605731201</millis>
  <nanos>444700</nanos>
  <sequence>122</sequence>
  <logger>model.gameWorld.MyLogger</logger>
  <level>INFO</level>
  <class>model.gameObjects.Clown</class>
  <method>setX</method>
  <thread>17</thread>
  <message>clown moved left</message>
</record>
<record>
  <date>2018-12-23T22:55:34.123464900Z</date>
  <millis>1545605734123</millis>
  <nanos>464900</nanos>
  <sequence>123</sequence>
  <logger>model.gameWorld.MyLogger</logger>
  <level>INFO</level>
  <class>model.gameObjects.Clown</class>
  <method>intersectStacks</method>
  <thread>17</thread>
  <message>intersection of plate with left stack</message>
</record>
<record>
  <date>2018-12-23T22:55:34.124932Z</date>
  <millis>1545605734124</millis>
  <nanos>932000</nanos>
  <sequence>124</sequence>
  <logger>model.gameWorld.MyLogger</logger>
  <level>INFO</level>
  <class>model.gameObjects.Clown</class>
  <method>intersectStacks</method>
  <thread>17</thread>
  <message>plate addded to left stack</message>
</record>
<record>
  <date>2018-12-23T22:55:34.669264800Z</date>
  <millis>1545605734669</millis>
  <nanos>264800</nanos>
  <sequence>125</sequence>
  <logger>model.gameWorld.MyLogger</logger>
  <level>INFO</level>
  <class>model.gameObjects.Clown</class>
  <method>intersectStacks</method>
  <thread>17</thread>
  <message>intersection of plate with right stack</message>
</record>
<record>
  <date>2018-12-23T22:55:34.669448300Z</date>
  <millis>1545605734669</millis>
  <nanos>448300</nanos>
  <sequence>126</sequence>
  <logger>model.gameWorld.MyLogger</logger>
  <level>INFO</level>
  <class>model.gameObjects.Clown</class>
  <method>intersectStacks</method>
  <thread>17</thread>
  <message>plate addded to right stack</message>
</record>
<record>
  <date>2018-12-23T22:55:35.430546800Z</date>
  <millis>1545605735430</millis>
  <nanos>546800</nanos>
  <sequence>127</sequence>
  <logger>model.gameWorld.MyLogger</logger>
  <level>WARNING</level>
  <class>model.gameObjects.shapes.plate.PlatesPool</class>
  <method>PopPlate</method>
  <thread>17</thread>
  <message>pool is empty</message>
</record>
<record>
  <date>2018-12-23T22:55:35.431049Z</date>
  <millis>1545605735431</millis>
  <nanos>49000</nanos>
  <sequence>128</sequence>
  <logger>model.gameWorld.MyLogger</logger>
  <level>INFO</level>
  <class>model.gameObjects.shapes.plate.PlateFactory</class>
  <method>getPlate</method>
  <thread>17</thread>
  <message>rectanglar Plate instance is returned from factory </message>
</record>
<record>
  <date>2018-12-23T22:55:35.431049Z</date>
  <millis>1545605735431</millis>
  <nanos>49000</nanos>
  <sequence>129</sequence>
  <logger>model.gameWorld.MyLogger</logger>
  <level>WARNING</level>
  <class>model.gameObjects.shapes.plate.PlatesPool</class>
  <method>PopPlate</method>
  <thread>17</thread>
  <message>pool is empty</message>
</record>
<record>
  <date>2018-12-23T22:55:35.431049Z</date>
  <millis>1545605735431</millis>
  <nanos>49000</nanos>
  <sequence>130</sequence>
  <logger>model.gameWorld.MyLogger</logger>
  <level>INFO</level>
  <class>model.gameObjects.shapes.plate.PlateFactory</class>
  <method>getPlate</method>
  <thread>17</thread>
  <message>oval Plate instance is returned from factory </message>
</record>
<record>
  <date>2018-12-23T22:55:35.431049Z</date>
  <millis>1545605735431</millis>
  <nanos>49000</nanos>
  <sequence>131</sequence>
  <logger>model.gameWorld.MyLogger</logger>
  <level>WARNING</level>
  <class>model.gameObjects.shapes.plate.PlatesPool</class>
  <method>PopPlate</method>
  <thread>17</thread>
  <message>pool is empty</message>
</record>
<record>
  <date>2018-12-23T22:55:35.431549200Z</date>
  <millis>1545605735431</millis>
  <nanos>549200</nanos>
  <sequence>132</sequence>
  <logger>model.gameWorld.MyLogger</logger>
  <level>INFO</level>
  <class>model.gameObjects.shapes.plate.PlateFactory</class>
  <method>getPlate</method>
  <thread>17</thread>
  <message>rectanglar Plate instance is returned from factory </message>
</record>
<record>
  <date>2018-12-23T22:55:35.431549200Z</date>
  <millis>1545605735431</millis>
  <nanos>549200</nanos>
  <sequence>133</sequence>
  <logger>model.gameWorld.MyLogger</logger>
  <level>WARNING</level>
  <class>model.gameObjects.shapes.plate.PlatesPool</class>
  <method>PopPlate</method>
  <thread>17</thread>
  <message>pool is empty</message>
</record>
<record>
  <date>2018-12-23T22:55:35.431549200Z</date>
  <millis>1545605735431</millis>
  <nanos>549200</nanos>
  <sequence>134</sequence>
  <logger>model.gameWorld.MyLogger</logger>
  <level>INFO</level>
  <class>model.gameObjects.shapes.plate.PlateFactory</class>
  <method>getPlate</method>
  <thread>17</thread>
  <message>rectanglar Plate instance is returned from factory </message>
</record>
<record>
  <date>2018-12-23T22:55:37.907639400Z</date>
  <millis>1545605737907</millis>
  <nanos>639400</nanos>
  <sequence>135</sequence>
  <logger>model.gameWorld.MyLogger</logger>
  <level>INFO</level>
  <class>model.gameObjects.Clown</class>
  <method>intersectStacks</method>
  <thread>17</thread>
  <message>intersection of plate with left stack</message>
</record>
<record>
  <date>2018-12-23T22:55:37.907639400Z</date>
  <millis>1545605737907</millis>
  <nanos>639400</nanos>
  <sequence>136</sequence>
  <logger>model.gameWorld.MyLogger</logger>
  <level>INFO</level>
  <class>model.gameObjects.Clown</class>
  <method>intersectStacks</method>
  <thread>17</thread>
  <message>plate addded to left stack</message>
</record>
<record>
  <date>2018-12-23T22:55:37.908082500Z</date>
  <millis>1545605737908</millis>
  <nanos>82500</nanos>
  <sequence>137</sequence>
  <logger>model.gameWorld.MyLogger</logger>
  <level>WARNING</level>
  <class>model.gameObjects.shapes.plate.PlatesPool</class>
  <method>PopPlate</method>
  <thread>17</thread>
  <message>pool is empty</message>
</record>
<record>
  <date>2018-12-23T22:55:37.908082500Z</date>
  <millis>1545605737908</millis>
  <nanos>82500</nanos>
  <sequence>138</sequence>
  <logger>model.gameWorld.MyLogger</logger>
  <level>INFO</level>
  <class>model.gameObjects.shapes.plate.PlateFactory</class>
  <method>getPlate</method>
  <thread>17</thread>
  <message>oval Plate instance is returned from factory </message>
</record>
<record>
  <date>2018-12-23T22:55:41.690845400Z</date>
  <millis>1545605741690</millis>
  <nanos>845400</nanos>
  <sequence>139</sequence>
  <logger>model.gameWorld.MyLogger</logger>
  <level>INFO</level>
  <class>model.gameObjects.Clown</class>
  <method>intersectStacks</method>
  <thread>17</thread>
  <message>intersection of plate with right stack</message>
</record>
<record>
  <date>2018-12-23T22:55:41.690985200Z</date>
  <millis>1545605741690</millis>
  <nanos>985200</nanos>
  <sequence>140</sequence>
  <logger>model.gameWorld.MyLogger</logger>
  <level>INFO</level>
  <class>model.gameObjects.Clown</class>
  <method>intersectStacks</method>
  <thread>17</thread>
  <message>plate addded to right stack</message>
</record>
<record>
  <date>2018-12-23T22:55:41.691487900Z</date>
  <millis>1545605741691</millis>
  <nanos>487900</nanos>
  <sequence>141</sequence>
  <logger>model.gameWorld.MyLogger</logger>
  <level>WARNING</level>
  <class>model.gameObjects.shapes.plate.PlatesPool</class>
  <method>PopPlate</method>
  <thread>17</thread>
  <message>pool is empty</message>
</record>
<record>
  <date>2018-12-23T22:55:41.691487900Z</date>
  <millis>1545605741691</millis>
  <nanos>487900</nanos>
  <sequence>142</sequence>
  <logger>model.gameWorld.MyLogger</logger>
  <level>INFO</level>
  <class>model.gameObjects.shapes.plate.PlateFactory</class>
  <method>getPlate</method>
  <thread>17</thread>
  <message>rectanglar Plate instance is returned from factory </message>
</record>
<record>
  <date>2018-12-23T22:55:41.776249200Z</date>
  <millis>1545605741776</millis>
  <nanos>249200</nanos>
  <sequence>143</sequence>
  <logger>model.gameWorld.MyLogger</logger>
  <level>INFO</level>
  <class>model.gameObjects.Clown</class>
  <method>intersectStacks</method>
  <thread>17</thread>
  <message>intersection of plate with right stack</message>
</record>
<record>
  <date>2018-12-23T22:55:41.776249200Z</date>
  <millis>1545605741776</millis>
  <nanos>249200</nanos>
  <sequence>144</sequence>
  <logger>model.gameWorld.MyLogger</logger>
  <level>INFO</level>
  <class>model.gameObjects.Clown</class>
  <method>intersectStacks</method>
  <thread>17</thread>
  <message>plate addded to right stack</message>
</record>
<record>
  <date>2018-12-23T22:55:41.776751400Z</date>
  <millis>1545605741776</millis>
  <nanos>751400</nanos>
  <sequence>145</sequence>
  <logger>model.gameWorld.MyLogger</logger>
  <level>WARNING</level>
  <class>model.gameObjects.shapes.plate.PlatesPool</class>
  <method>PopPlate</method>
  <thread>17</thread>
  <message>pool is empty</message>
</record>
<record>
  <date>2018-12-23T22:55:41.776751400Z</date>
  <millis>1545605741776</millis>
  <nanos>751400</nanos>
  <sequence>146</sequence>
  <logger>model.gameWorld.MyLogger</logger>
  <level>INFO</level>
  <class>model.gameObjects.shapes.plate.PlateFactory</class>
  <method>getPlate</method>
  <thread>17</thread>
  <message>oval Plate instance is returned from factory </message>
</record>
<record>
  <date>2018-12-23T22:55:44.486819500Z</date>
  <millis>1545605744486</millis>
  <nanos>819500</nanos>
  <sequence>147</sequence>
  <logger>model.gameWorld.MyLogger</logger>
  <level>INFO</level>
  <class>model.gameObjects.Clown</class>
  <method>setX</method>
  <thread>17</thread>
  <message>clown moved right</message>
</record>
<record>
  <date>2018-12-23T22:55:44.977689800Z</date>
  <millis>1545605744977</millis>
  <nanos>689800</nanos>
  <sequence>148</sequence>
  <logger>model.gameWorld.MyLogger</logger>
  <level>INFO</level>
  <class>model.gameObjects.Clown</class>
  <method>setX</method>
  <thread>17</thread>
  <message>clown moved right</message>
</record>
<record>
  <date>2018-12-23T22:55:45.007560600Z</date>
  <millis>1545605745007</millis>
  <nanos>560600</nanos>
  <sequence>149</sequence>
  <logger>model.gameWorld.MyLogger</logger>
  <level>INFO</level>
  <class>model.gameObjects.Clown</class>
  <method>setX</method>
  <thread>17</thread>
  <message>clown moved right</message>
</record>
<record>
  <date>2018-12-23T22:55:45.042574Z</date>
  <millis>1545605745042</millis>
  <nanos>574000</nanos>
  <sequence>150</sequence>
  <logger>model.gameWorld.MyLogger</logger>
  <level>INFO</level>
  <class>model.gameObjects.Clown</class>
  <method>setX</method>
  <thread>17</thread>
  <message>clown moved right</message>
</record>
<record>
  <date>2018-12-23T22:55:45.066364100Z</date>
  <millis>1545605745066</millis>
  <nanos>364100</nanos>
  <sequence>151</sequence>
  <logger>model.gameWorld.MyLogger</logger>
  <level>INFO</level>
  <class>model.gameObjects.Clown</class>
  <method>setX</method>
  <thread>17</thread>
  <message>clown moved right</message>
</record>
<record>
  <date>2018-12-23T22:55:45.096788Z</date>
  <millis>1545605745096</millis>
  <nanos>788000</nanos>
  <sequence>152</sequence>
  <logger>model.gameWorld.MyLogger</logger>
  <level>INFO</level>
  <class>model.gameObjects.Clown</class>
  <method>setX</method>
  <thread>17</thread>
  <message>clown moved right</message>
</record>
<record>
  <date>2018-12-23T22:55:45.127302300Z</date>
  <millis>1545605745127</millis>
  <nanos>302300</nanos>
  <sequence>153</sequence>
  <logger>model.gameWorld.MyLogger</logger>
  <level>INFO</level>
  <class>model.gameObjects.Clown</class>
  <method>setX</method>
  <thread>17</thread>
  <message>clown moved right</message>
</record>
<record>
  <date>2018-12-23T22:55:45.159098800Z</date>
  <millis>1545605745159</millis>
  <nanos>98800</nanos>
  <sequence>154</sequence>
  <logger>model.gameWorld.MyLogger</logger>
  <level>INFO</level>
  <class>model.gameObjects.Clown</class>
  <method>setX</method>
  <thread>17</thread>
  <message>clown moved right</message>
</record>
<record>
  <date>2018-12-23T22:55:45.184738900Z</date>
  <millis>1545605745184</millis>
  <nanos>738900</nanos>
  <sequence>155</sequence>
  <logger>model.gameWorld.MyLogger</logger>
  <level>INFO</level>
  <class>model.gameObjects.Clown</class>
  <method>setX</method>
  <thread>17</thread>
  <message>clown moved right</message>
</record>
<record>
  <date>2018-12-23T22:55:45.216185300Z</date>
  <millis>1545605745216</millis>
  <nanos>185300</nanos>
  <sequence>156</sequence>
  <logger>model.gameWorld.MyLogger</logger>
  <level>INFO</level>
  <class>model.gameObjects.Clown</class>
  <method>setX</method>
  <thread>17</thread>
  <message>clown moved right</message>
</record>
<record>
  <date>2018-12-23T22:55:45.271672Z</date>
  <millis>1545605745271</millis>
  <nanos>672000</nanos>
  <sequence>157</sequence>
  <logger>model.gameWorld.MyLogger</logger>
  <level>INFO</level>
  <class>model.gameObjects.shapes.plate.PlateFactory</class>
  <method>getBatmanLogo</method>
  <thread>17</thread>
  <message>batman logo instance is returned from factory </message>
</record>
<record>
  <date>2018-12-23T22:55:45.505165100Z</date>
  <millis>1545605745505</millis>
  <nanos>165100</nanos>
  <sequence>158</sequence>
  <logger>model.gameWorld.MyLogger</logger>
  <level>INFO</level>
  <class>model.gameObjects.Clown</class>
  <method>setX</method>
  <thread>17</thread>
  <message>clown moved left</message>
</record>
<record>
  <date>2018-12-23T22:55:45.521483800Z</date>
  <millis>1545605745521</millis>
  <nanos>483800</nanos>
  <sequence>159</sequence>
  <logger>model.gameWorld.MyLogger</logger>
  <level>INFO</level>
  <class>model.gameObjects.Clown</class>
  <method>intersectStacks</method>
  <thread>17</thread>
  <message>intersection of plate with right stack</message>
</record>
<record>
  <date>2018-12-23T22:55:45.521628800Z</date>
  <millis>1545605745521</millis>
  <nanos>628800</nanos>
  <sequence>160</sequence>
  <logger>model.gameWorld.MyLogger</logger>
  <level>INFO</level>
  <class>model.gameObjects.Clown</class>
  <method>intersectStacks</method>
  <thread>17</thread>
  <message>plate addded to right stack</message>
</record>
<record>
  <date>2018-12-23T22:55:45.521628800Z</date>
  <millis>1545605745521</millis>
  <nanos>628800</nanos>
  <sequence>161</sequence>
  <logger>model.gameWorld.MyLogger</logger>
  <level>WARNING</level>
  <class>model.gameObjects.shapes.plate.PlatesPool</class>
  <method>PopPlate</method>
  <thread>17</thread>
  <message>pool is empty</message>
</record>
<record>
  <date>2018-12-23T22:55:45.522130Z</date>
  <millis>1545605745522</millis>
  <nanos>130000</nanos>
  <sequence>162</sequence>
  <logger>model.gameWorld.MyLogger</logger>
  <level>INFO</level>
  <class>model.gameObjects.shapes.plate.PlateFactory</class>
  <method>getPlate</method>
  <thread>17</thread>
  <message>oval Plate instance is returned from factory </message>
</record>
<record>
  <date>2018-12-23T22:55:45.872590500Z</date>
  <millis>1545605745872</millis>
  <nanos>590500</nanos>
  <sequence>163</sequence>
  <logger>model.gameWorld.MyLogger</logger>
  <level>INFO</level>
  <class>model.gameObjects.Clown</class>
  <method>setX</method>
  <thread>17</thread>
  <message>clown moved left</message>
</record>
<record>
  <date>2018-12-23T22:55:46.369489700Z</date>
  <millis>1545605746369</millis>
  <nanos>489700</nanos>
  <sequence>164</sequence>
  <logger>model.gameWorld.MyLogger</logger>
  <level>INFO</level>
  <class>model.gameObjects.Clown</class>
  <method>setX</method>
  <thread>17</thread>
  <message>clown moved left</message>
</record>
<record>
  <date>2018-12-23T22:55:46.392357Z</date>
  <millis>1545605746392</millis>
  <nanos>357000</nanos>
  <sequence>165</sequence>
  <logger>model.gameWorld.MyLogger</logger>
  <level>INFO</level>
  <class>model.gameObjects.Clown</class>
  <method>setX</method>
  <thread>17</thread>
  <message>clown moved left</message>
</record>
<record>
  <date>2018-12-23T22:55:46.421783600Z</date>
  <millis>1545605746421</millis>
  <nanos>783600</nanos>
  <sequence>166</sequence>
  <logger>model.gameWorld.MyLogger</logger>
  <level>INFO</level>
  <class>model.gameObjects.Clown</class>
  <method>setX</method>
  <thread>17</thread>
  <message>clown moved left</message>
</record>
<record>
  <date>2018-12-23T22:55:46.454157900Z</date>
  <millis>1545605746454</millis>
  <nanos>157900</nanos>
  <sequence>167</sequence>
  <logger>model.gameWorld.MyLogger</logger>
  <level>INFO</level>
  <class>model.gameObjects.Clown</class>
  <method>setX</method>
  <thread>17</thread>
  <message>clown moved left</message>
</record>
<record>
  <date>2018-12-23T22:55:46.485962600Z</date>
  <millis>1545605746485</millis>
  <nanos>962600</nanos>
  <sequence>168</sequence>
  <logger>model.gameWorld.MyLogger</logger>
  <level>INFO</level>
  <class>model.gameObjects.Clown</class>
  <method>setX</method>
  <thread>17</thread>
  <message>clown moved left</message>
</record>
<record>
  <date>2018-12-23T22:55:46.539570900Z</date>
  <millis>1545605746539</millis>
  <nanos>570900</nanos>
  <sequence>169</sequence>
  <logger>model.gameWorld.MyLogger</logger>
  <level>INFO</level>
  <class>model.gameObjects.Clown</class>
  <method>setX</method>
  <thread>17</thread>
  <message>clown moved left</message>
</record>
<record>
  <date>2018-12-23T22:55:47.783154500Z</date>
  <millis>1545605747783</millis>
  <nanos>154500</nanos>
  <sequence>170</sequence>
  <logger>model.gameWorld.MyLogger</logger>
  <level>INFO</level>
  <class>model.gameObjects.Clown</class>
  <method>intersectStacks</method>
  <thread>17</thread>
  <message>intersection of plate with right stack</message>
</record>
<record>
  <date>2018-12-23T22:55:47.783154500Z</date>
  <millis>1545605747783</millis>
  <nanos>154500</nanos>
  <sequence>171</sequence>
  <logger>model.gameWorld.MyLogger</logger>
  <level>INFO</level>
  <class>model.gameObjects.Clown</class>
  <method>intersectStacks</method>
  <thread>17</thread>
  <message>plate addded to right stack</message>
</record>
<record>
  <date>2018-12-23T22:55:47.783656200Z</date>
  <millis>1545605747783</millis>
  <nanos>656200</nanos>
  <sequence>172</sequence>
  <logger>model.gameWorld.MyLogger</logger>
  <level>WARNING</level>
  <class>model.gameObjects.shapes.plate.PlatesPool</class>
  <method>PopPlate</method>
  <thread>17</thread>
  <message>pool is empty</message>
</record>
<record>
  <date>2018-12-23T22:55:47.783656200Z</date>
  <millis>1545605747783</millis>
  <nanos>656200</nanos>
  <sequence>173</sequence>
  <logger>model.gameWorld.MyLogger</logger>
  <level>INFO</level>
  <class>model.gameObjects.shapes.plate.PlateFactory</class>
  <method>getPlate</method>
  <thread>17</thread>
  <message>rectanglar Plate instance is returned from factory </message>
</record>
<record>
  <date>2018-12-23T22:55:47.920988400Z</date>
  <millis>1545605747920</millis>
  <nanos>988400</nanos>
  <sequence>174</sequence>
  <logger>model.gameWorld.MyLogger</logger>
  <level>INFO</level>
  <class>model.gameObjects.Clown</class>
  <method>intersectStacks</method>
  <thread>17</thread>
  <message>intersection of plate with left stack</message>
</record>
<record>
  <date>2018-12-23T22:55:47.920988400Z</date>
  <millis>1545605747920</millis>
  <nanos>988400</nanos>
  <sequence>175</sequence>
  <logger>model.gameWorld.MyLogger</logger>
  <level>INFO</level>
  <class>model.gameObjects.Clown</class>
  <method>intersectStacks</method>
  <thread>17</thread>
  <message>plate addded to left stack</message>
</record>
<record>
  <date>2018-12-23T22:55:47.921492200Z</date>
  <millis>1545605747921</millis>
  <nanos>492200</nanos>
  <sequence>176</sequence>
  <logger>model.gameWorld.MyLogger</logger>
  <level>WARNING</level>
  <class>model.gameObjects.shapes.plate.PlatesPool</class>
  <method>PopPlate</method>
  <thread>17</thread>
  <message>pool is empty</message>
</record>
<record>
  <date>2018-12-23T22:55:47.921492200Z</date>
  <millis>1545605747921</millis>
  <nanos>492200</nanos>
  <sequence>177</sequence>
  <logger>model.gameWorld.MyLogger</logger>
  <level>INFO</level>
  <class>model.gameObjects.shapes.plate.PlateFactory</class>
  <method>getPlate</method>
  <thread>17</thread>
  <message>oval Plate instance is returned from factory </message>
</record>
<record>
  <date>2018-12-23T22:55:48.323111Z</date>
  <millis>1545605748323</millis>
  <nanos>111000</nanos>
  <sequence>178</sequence>
  <logger>model.gameWorld.MyLogger</logger>
  <level>INFO</level>
  <class>model.gameObjects.Clown</class>
  <method>setX</method>
  <thread>17</thread>
  <message>clown moved right</message>
</record>
<record>
  <date>2018-12-23T22:55:49.382815100Z</date>
  <millis>1545605749382</millis>
  <nanos>815100</nanos>
  <sequence>179</sequence>
  <logger>model.gameWorld.MyLogger</logger>
  <level>INFO</level>
  <class>model.gameObjects.Clown</class>
  <method>setX</method>
  <thread>17</thread>
  <message>clown moved right</message>
</record>
<record>
  <date>2018-12-23T22:55:49.605679600Z</date>
  <millis>1545605749605</millis>
  <nanos>679600</nanos>
  <sequence>180</sequence>
  <logger>model.gameWorld.MyLogger</logger>
  <level>INFO</level>
  <class>model.gameObjects.Clown</class>
  <method>setX</method>
  <thread>17</thread>
  <message>clown moved right</message>
</record>
<record>
  <date>2018-12-23T22:55:49.787256600Z</date>
  <millis>1545605749787</millis>
  <nanos>256600</nanos>
  <sequence>181</sequence>
  <logger>model.gameWorld.MyLogger</logger>
  <level>INFO</level>
  <class>model.gameObjects.Clown</class>
  <method>setX</method>
  <thread>17</thread>
  <message>clown moved right</message>
</record>
<record>
  <date>2018-12-23T22:55:49.946920500Z</date>
  <millis>1545605749946</millis>
  <nanos>920500</nanos>
  <sequence>182</sequence>
  <logger>model.gameWorld.MyLogger</logger>
  <level>INFO</level>
  <class>model.gameObjects.Clown</class>
  <method>setX</method>
  <thread>17</thread>
  <message>clown moved right</message>
</record>
<record>
  <date>2018-12-23T22:55:50.088195500Z</date>
  <millis>1545605750088</millis>
  <nanos>195500</nanos>
  <sequence>183</sequence>
  <logger>model.gameWorld.MyLogger</logger>
  <level>INFO</level>
  <class>model.gameObjects.Clown</class>
  <method>intersectStacks</method>
  <thread>17</thread>
  <message>intersection of plate with right stack</message>
</record>
<record>
  <date>2018-12-23T22:55:50.088195500Z</date>
  <millis>1545605750088</millis>
  <nanos>195500</nanos>
  <sequence>184</sequence>
  <logger>model.gameWorld.MyLogger</logger>
  <level>INFO</level>
  <class>model.gameObjects.Clown</class>
  <method>intersectStacks</method>
  <thread>17</thread>
  <message>plate addded to right stack</message>
</record>
<record>
  <date>2018-12-23T22:55:50.089216400Z</date>
  <millis>1545605750089</millis>
  <nanos>216400</nanos>
  <sequence>185</sequence>
  <logger>model.gameWorld.MyLogger</logger>
  <level>WARNING</level>
  <class>model.gameWorld.GameWorld</class>
  <method>refresh</method>
  <thread>17</thread>
  <message>score up</message>
</record>
<record>
  <date>2018-12-23T22:55:50.160429200Z</date>
  <millis>1545605750160</millis>
  <nanos>429200</nanos>
  <sequence>186</sequence>
  <logger>model.gameWorld.MyLogger</logger>
  <level>INFO</level>
  <class>model.gameObjects.Clown</class>
  <method>setX</method>
  <thread>17</thread>
  <message>clown moved right</message>
</record>
<record>
  <date>2018-12-23T22:55:50.270610500Z</date>
  <millis>1545605750270</millis>
  <nanos>610500</nanos>
  <sequence>187</sequence>
  <logger>model.gameWorld.MyLogger</logger>
  <level>INFO</level>
  <class>model.gameObjects.shapes.plate.PlateFactory</class>
  <method>getHarleyLogo</method>
  <thread>17</thread>
  <message>harley logo instance is returned from factory </message>
</record>
<record>
  <date>2018-12-23T22:55:50.491569400Z</date>
  <millis>1545605750491</millis>
  <nanos>569400</nanos>
  <sequence>188</sequence>
  <logger>model.gameWorld.MyLogger</logger>
  <level>INFO</level>
  <class>model.gameObjects.Clown</class>
  <method>setX</method>
  <thread>17</thread>
  <message>clown moved right</message>
</record>
<record>
  <date>2018-12-23T22:55:51.259600900Z</date>
  <millis>1545605751259</millis>
  <nanos>600900</nanos>
  <sequence>189</sequence>
  <logger>model.gameWorld.MyLogger</logger>
  <level>INFO</level>
  <class>model.gameObjects.Clown</class>
  <method>setX</method>
  <thread>17</thread>
  <message>clown moved right</message>
</record>
<record>
  <date>2018-12-23T22:55:51.460511600Z</date>
  <millis>1545605751460</millis>
  <nanos>511600</nanos>
  <sequence>190</sequence>
  <logger>model.gameWorld.MyLogger</logger>
  <level>INFO</level>
  <class>model.gameObjects.Clown</class>
  <method>intersectStacks</method>
  <thread>17</thread>
  <message>intersection of plate with left stack</message>
</record>
<record>
  <date>2018-12-23T22:55:51.461017500Z</date>
  <millis>1545605751461</millis>
  <nanos>17500</nanos>
  <sequence>191</sequence>
  <logger>model.gameWorld.MyLogger</logger>
  <level>INFO</level>
  <class>model.gameObjects.Clown</class>
  <method>intersectStacks</method>
  <thread>17</thread>
  <message>plate addded to left stack</message>
</record>
<record>
  <date>2018-12-23T22:55:51.462019400Z</date>
  <millis>1545605751462</millis>
  <nanos>19400</nanos>
  <sequence>192</sequence>
  <logger>model.gameWorld.MyLogger</logger>
  <level>WARNING</level>
  <class>model.gameWorld.GameWorld</class>
  <method>refresh</method>
  <thread>17</thread>
  <message>score up</message>
</record>
<record>
  <date>2018-12-23T22:55:51.534510500Z</date>
  <millis>1545605751534</millis>
  <nanos>510500</nanos>
  <sequence>193</sequence>
  <logger>model.gameWorld.MyLogger</logger>
  <level>INFO</level>
  <class>model.gameObjects.Clown</class>
  <method>setX</method>
  <thread>17</thread>
  <message>clown moved left</message>
</record>
<record>
  <date>2018-12-23T22:55:51.782610600Z</date>
  <millis>1545605751782</millis>
  <nanos>610600</nanos>
  <sequence>194</sequence>
  <logger>model.gameWorld.MyLogger</logger>
  <level>INFO</level>
  <class>model.gameObjects.Clown</class>
  <method>setX</method>
  <thread>17</thread>
  <message>clown moved left</message>
</record>
<record>
  <date>2018-12-23T22:55:52.692855800Z</date>
  <millis>1545605752692</millis>
  <nanos>855800</nanos>
  <sequence>195</sequence>
  <logger>model.gameWorld.MyLogger</logger>
  <level>INFO</level>
  <class>model.gameObjects.Clown</class>
  <method>setX</method>
  <thread>17</thread>
  <message>clown moved right</message>
</record>
<record>
  <date>2018-12-23T22:55:53.188600Z</date>
  <millis>1545605753188</millis>
  <nanos>600000</nanos>
  <sequence>196</sequence>
  <logger>model.gameWorld.MyLogger</logger>
  <level>INFO</level>
  <class>model.gameObjects.Clown</class>
  <method>setX</method>
  <thread>17</thread>
  <message>clown moved right</message>
</record>
<record>
  <date>2018-12-23T22:55:53.213220200Z</date>
  <millis>1545605753213</millis>
  <nanos>220200</nanos>
  <sequence>197</sequence>
  <logger>model.gameWorld.MyLogger</logger>
  <level>INFO</level>
  <class>model.gameObjects.Clown</class>
  <method>setX</method>
  <thread>17</thread>
  <message>clown moved right</message>
</record>
<record>
  <date>2018-12-23T22:55:53.244216200Z</date>
  <millis>1545605753244</millis>
  <nanos>216200</nanos>
  <sequence>198</sequence>
  <logger>model.gameWorld.MyLogger</logger>
  <level>INFO</level>
  <class>model.gameObjects.Clown</class>
  <method>setX</method>
  <thread>17</thread>
  <message>clown moved right</message>
</record>
<record>
  <date>2018-12-23T22:55:53.275282200Z</date>
  <millis>1545605753275</millis>
  <nanos>282200</nanos>
  <sequence>199</sequence>
  <logger>model.gameWorld.MyLogger</logger>
  <level>INFO</level>
  <class>model.gameObjects.Clown</class>
  <method>setX</method>
  <thread>17</thread>
  <message>clown moved right</message>
</record>
<record>
  <date>2018-12-23T22:55:53.301752500Z</date>
  <millis>1545605753301</millis>
  <nanos>752500</nanos>
  <sequence>200</sequence>
  <logger>model.gameWorld.MyLogger</logger>
  <level>INFO</level>
  <class>model.gameObjects.Clown</class>
  <method>setX</method>
  <thread>17</thread>
  <message>clown moved right</message>
</record>
<record>
  <date>2018-12-23T22:55:53.331153500Z</date>
  <millis>1545605753331</millis>
  <nanos>153500</nanos>
  <sequence>201</sequence>
  <logger>model.gameWorld.MyLogger</logger>
  <level>INFO</level>
  <class>model.gameObjects.Clown</class>
  <method>setX</method>
  <thread>17</thread>
  <message>clown moved right</message>
</record>
<record>
  <date>2018-12-23T22:55:53.365977700Z</date>
  <millis>1545605753365</millis>
  <nanos>977700</nanos>
  <sequence>202</sequence>
  <logger>model.gameWorld.MyLogger</logger>
  <level>INFO</level>
  <class>model.gameObjects.Clown</class>
  <method>setX</method>
  <thread>17</thread>
  <message>clown moved right</message>
</record>
<record>
  <date>2018-12-23T22:55:53.397962800Z</date>
  <millis>1545605753397</millis>
  <nanos>962800</nanos>
  <sequence>203</sequence>
  <logger>model.gameWorld.MyLogger</logger>
  <level>INFO</level>
  <class>model.gameObjects.Clown</class>
  <method>setX</method>
  <thread>17</thread>
  <message>clown moved right</message>
</record>
<record>
  <date>2018-12-23T22:55:53.421444900Z</date>
  <millis>1545605753421</millis>
  <nanos>444900</nanos>
  <sequence>204</sequence>
  <logger>model.gameWorld.MyLogger</logger>
  <level>INFO</level>
  <class>model.gameObjects.Clown</class>
  <method>setX</method>
  <thread>17</thread>
  <message>clown moved right</message>
</record>
<record>
  <date>2018-12-23T22:55:53.450463400Z</date>
  <millis>1545605753450</millis>
  <nanos>463400</nanos>
  <sequence>205</sequence>
  <logger>model.gameWorld.MyLogger</logger>
  <level>INFO</level>
  <class>model.gameObjects.Clown</class>
  <method>setX</method>
  <thread>17</thread>
  <message>clown moved right</message>
</record>
<record>
  <date>2018-12-23T22:55:53.483007800Z</date>
  <millis>1545605753483</millis>
  <nanos>7800</nanos>
  <sequence>206</sequence>
  <logger>model.gameWorld.MyLogger</logger>
  <level>INFO</level>
  <class>model.gameObjects.Clown</class>
  <method>setX</method>
  <thread>17</thread>
  <message>clown moved right</message>
</record>
<record>
  <date>2018-12-23T22:55:53.515614900Z</date>
  <millis>1545605753515</millis>
  <nanos>614900</nanos>
  <sequence>207</sequence>
  <logger>model.gameWorld.MyLogger</logger>
  <level>INFO</level>
  <class>model.gameObjects.Clown</class>
  <method>setX</method>
  <thread>17</thread>
  <message>clown moved right</message>
</record>
<record>
  <date>2018-12-23T22:55:53.539357100Z</date>
  <millis>1545605753539</millis>
  <nanos>357100</nanos>
  <sequence>208</sequence>
  <logger>model.gameWorld.MyLogger</logger>
  <level>INFO</level>
  <class>model.gameObjects.Clown</class>
  <method>setX</method>
  <thread>17</thread>
  <message>clown moved right</message>
</record>
<record>
  <date>2018-12-23T22:55:53.569320400Z</date>
  <millis>1545605753569</millis>
  <nanos>320400</nanos>
  <sequence>209</sequence>
  <logger>model.gameWorld.MyLogger</logger>
  <level>INFO</level>
  <class>model.gameObjects.Clown</class>
  <method>setX</method>
  <thread>17</thread>
  <message>clown moved right</message>
</record>
<record>
  <date>2018-12-23T22:55:53.700988200Z</date>
  <millis>1545605753700</millis>
  <nanos>988200</nanos>
  <sequence>210</sequence>
  <logger>model.gameWorld.MyLogger</logger>
  <level>INFO</level>
  <class>model.gameObjects.Clown</class>
  <method>setX</method>
  <thread>17</thread>
  <message>clown moved left</message>
</record>
<record>
  <date>2018-12-23T22:55:53.814979700Z</date>
  <millis>1545605753814</millis>
  <nanos>979700</nanos>
  <sequence>211</sequence>
  <logger>model.gameWorld.MyLogger</logger>
  <level>INFO</level>
  <class>model.gameObjects.Clown</class>
  <method>intersectStacks</method>
  <thread>17</thread>
  <message>intersection of plate with right stack</message>
</record>
<record>
  <date>2018-12-23T22:55:53.814979700Z</date>
  <millis>1545605753814</millis>
  <nanos>979700</nanos>
  <sequence>212</sequence>
  <logger>model.gameWorld.MyLogger</logger>
  <level>INFO</level>
  <class>model.gameObjects.Clown</class>
  <method>intersectStacks</method>
  <thread>17</thread>
  <message>plate addded to right stack</message>
</record>
<record>
  <date>2018-12-23T22:55:54.262852800Z</date>
  <millis>1545605754262</millis>
  <nanos>852800</nanos>
  <sequence>213</sequence>
  <logger>model.gameWorld.MyLogger</logger>
  <level>INFO</level>
  <class>model.gameObjects.Clown</class>
  <method>setX</method>
  <thread>17</thread>
  <message>clown moved left</message>
</record>
<record>
  <date>2018-12-23T22:55:54.519248200Z</date>
  <millis>1545605754519</millis>
  <nanos>248200</nanos>
  <sequence>214</sequence>
  <logger>model.gameWorld.MyLogger</logger>
  <level>INFO</level>
  <class>model.gameObjects.Clown</class>
  <method>setX</method>
  <thread>17</thread>
  <message>clown moved left</message>
</record>
<record>
  <date>2018-12-23T22:55:54.768330600Z</date>
  <millis>1545605754768</millis>
  <nanos>330600</nanos>
  <sequence>215</sequence>
  <logger>model.gameWorld.MyLogger</logger>
  <level>INFO</level>
  <class>model.gameObjects.Clown</class>
  <method>setX</method>
  <thread>17</thread>
  <message>clown moved left</message>
</record>
<record>
  <date>2018-12-23T22:55:55.109798700Z</date>
  <millis>1545605755109</millis>
  <nanos>798700</nanos>
  <sequence>216</sequence>
  <logger>model.gameWorld.MyLogger</logger>
  <level>INFO</level>
  <class>model.gameObjects.Clown</class>
  <method>setX</method>
  <thread>17</thread>
  <message>clown moved left</message>
</record>
<record>
  <date>2018-12-23T22:55:55.272226700Z</date>
  <millis>1545605755272</millis>
  <nanos>226700</nanos>
  <sequence>217</sequence>
  <logger>model.gameWorld.MyLogger</logger>
  <level>INFO</level>
  <class>model.gameObjects.shapes.plate.PlateFactory</class>
  <method>getBatmanLogo</method>
  <thread>17</thread>
  <message>batman logo instance is returned from factory </message>
</record>
<record>
  <date>2018-12-23T22:55:56.158777Z</date>
  <millis>1545605756158</millis>
  <nanos>777000</nanos>
  <sequence>218</sequence>
  <logger>model.gameWorld.MyLogger</logger>
  <level>INFO</level>
  <class>model.gameObjects.Clown</class>
  <method>intersectStacks</method>
  <thread>17</thread>
  <message>intersection of plate with right stack</message>
</record>
<record>
  <date>2018-12-23T22:55:56.159784Z</date>
  <millis>1545605756159</millis>
  <nanos>784000</nanos>
  <sequence>219</sequence>
  <logger>model.gameWorld.MyLogger</logger>
  <level>INFO</level>
  <class>model.gameObjects.Clown</class>
  <method>intersectStacks</method>
  <thread>17</thread>
  <message>plate addded to right stack</message>
</record>
<record>
  <date>2018-12-23T22:55:56.160280100Z</date>
  <millis>1545605756160</millis>
  <nanos>280100</nanos>
  <sequence>220</sequence>
  <logger>model.gameWorld.MyLogger</logger>
  <level>WARNING</level>
  <class>model.gameWorld.GameWorld</class>
  <method>refresh</method>
  <thread>17</thread>
  <message>score up</message>
</record>
<record>
  <date>2018-12-23T22:55:56.490239Z</date>
  <millis>1545605756490</millis>
  <nanos>239000</nanos>
  <sequence>221</sequence>
  <logger>model.gameWorld.MyLogger</logger>
  <level>INFO</level>
  <class>model.gameObjects.Clown</class>
  <method>setX</method>
  <thread>17</thread>
  <message>clown moved right</message>
</record>
<record>
  <date>2018-12-23T22:55:57.075987700Z</date>
  <millis>1545605757075</millis>
  <nanos>987700</nanos>
  <sequence>222</sequence>
  <logger>model.gameWorld.MyLogger</logger>
  <level>INFO</level>
  <class>model.gameObjects.Clown</class>
  <method>setX</method>
  <thread>17</thread>
  <message>clown moved left</message>
</record>
<record>
  <date>2018-12-23T22:55:57.284662200Z</date>
  <millis>1545605757284</millis>
  <nanos>662200</nanos>
  <sequence>223</sequence>
  <logger>model.gameWorld.MyLogger</logger>
  <level>INFO</level>
  <class>model.gameObjects.Clown</class>
  <method>setX</method>
  <thread>17</thread>
  <message>clown moved left</message>
</record>
<record>
  <date>2018-12-23T22:55:57.461677500Z</date>
  <millis>1545605757461</millis>
  <nanos>677500</nanos>
  <sequence>224</sequence>
  <logger>model.gameWorld.MyLogger</logger>
  <level>INFO</level>
  <class>model.gameObjects.Clown</class>
  <method>setX</method>
  <thread>17</thread>
  <message>clown moved left</message>
</record>
<record>
  <date>2018-12-23T22:55:57.547948500Z</date>
  <millis>1545605757547</millis>
  <nanos>948500</nanos>
  <sequence>225</sequence>
  <logger>model.gameWorld.MyLogger</logger>
  <level>INFO</level>
  <class>model.gameObjects.Clown</class>
  <method>intersectStacks</method>
  <thread>17</thread>
  <message>intersection of Batman with left stack</message>
</record>
<record>
  <date>2018-12-23T22:55:57.547948500Z</date>
  <millis>1545605757547</millis>
  <nanos>948500</nanos>
  <sequence>226</sequence>
  <logger>model.gameWorld.MyLogger</logger>
  <level>WARNING</level>
  <class>model.gameWorld.GameWorld</class>
  <method>refresh</method>
  <thread>17</thread>
  <message>batman affects score down</message>
</record>
<record>
  <date>2018-12-23T22:55:57.654667600Z</date>
  <millis>1545605757654</millis>
  <nanos>667600</nanos>
  <sequence>227</sequence>
  <logger>model.gameWorld.MyLogger</logger>
  <level>INFO</level>
  <class>model.gameObjects.Clown</class>
  <method>intersectStacks</method>
  <thread>17</thread>
  <message>intersection of plate with right stack</message>
</record>
<record>
  <date>2018-12-23T22:55:57.655170400Z</date>
  <millis>1545605757655</millis>
  <nanos>170400</nanos>
  <sequence>228</sequence>
  <logger>model.gameWorld.MyLogger</logger>
  <level>INFO</level>
  <class>model.gameObjects.Clown</class>
  <method>intersectStacks</method>
  <thread>17</thread>
  <message>plate addded to right stack</message>
</record>
<record>
  <date>2018-12-23T22:55:57.749509500Z</date>
  <millis>1545605757749</millis>
  <nanos>509500</nanos>
  <sequence>229</sequence>
  <logger>model.gameWorld.MyLogger</logger>
  <level>INFO</level>
  <class>model.gameObjects.Clown</class>
  <method>setX</method>
  <thread>17</thread>
  <message>clown moved left</message>
</record>
<record>
  <date>2018-12-23T22:55:58.193731800Z</date>
  <millis>1545605758193</millis>
  <nanos>731800</nanos>
  <sequence>230</sequence>
  <logger>model.gameWorld.MyLogger</logger>
  <level>INFO</level>
  <class>model.gameObjects.Clown</class>
  <method>setX</method>
  <thread>17</thread>
  <message>clown moved right</message>
</record>
<record>
  <date>2018-12-23T22:55:58.406608700Z</date>
  <millis>1545605758406</millis>
  <nanos>608700</nanos>
  <sequence>231</sequence>
  <logger>model.gameWorld.MyLogger</logger>
  <level>INFO</level>
  <class>model.gameObjects.Clown</class>
  <method>setX</method>
  <thread>17</thread>
  <message>clown moved right</message>
</record>
<record>
  <date>2018-12-23T22:55:58.601286500Z</date>
  <millis>1545605758601</millis>
  <nanos>286500</nanos>
  <sequence>232</sequence>
  <logger>model.gameWorld.MyLogger</logger>
  <level>INFO</level>
  <class>model.gameObjects.Clown</class>
  <method>setX</method>
  <thread>17</thread>
  <message>clown moved right</message>
</record>
<record>
  <date>2018-12-23T22:55:58.781842100Z</date>
  <millis>1545605758781</millis>
  <nanos>842100</nanos>
  <sequence>233</sequence>
  <logger>model.gameWorld.MyLogger</logger>
  <level>INFO</level>
  <class>model.gameObjects.Clown</class>
  <method>setX</method>
  <thread>17</thread>
  <message>clown moved right</message>
</record>
<record>
  <date>2018-12-23T22:55:59.748765600Z</date>
  <millis>1545605759748</millis>
  <nanos>765600</nanos>
  <sequence>234</sequence>
  <logger>model.gameWorld.MyLogger</logger>
  <level>INFO</level>
  <class>model.gameObjects.Clown</class>
  <method>setX</method>
  <thread>17</thread>
  <message>clown moved left</message>
</record>
<record>
  <date>2018-12-23T22:55:59.929535600Z</date>
  <millis>1545605759929</millis>
  <nanos>535600</nanos>
  <sequence>235</sequence>
  <logger>model.gameWorld.MyLogger</logger>
  <level>INFO</level>
  <class>model.gameObjects.Clown</class>
  <method>intersectStacks</method>
  <thread>17</thread>
  <message>intersection of plate with right stack</message>
</record>
<record>
  <date>2018-12-23T22:55:59.929535600Z</date>
  <millis>1545605759929</millis>
  <nanos>535600</nanos>
  <sequence>236</sequence>
  <logger>model.gameWorld.MyLogger</logger>
  <level>INFO</level>
  <class>model.gameObjects.Clown</class>
  <method>intersectStacks</method>
  <thread>17</thread>
  <message>plate addded to right stack</message>
</record>
<record>
  <date>2018-12-23T22:55:59.930043Z</date>
  <millis>1545605759930</millis>
  <nanos>43000</nanos>
  <sequence>237</sequence>
  <logger>model.gameWorld.MyLogger</logger>
  <level>WARNING</level>
  <class>model.gameWorld.GameWorld</class>
  <method>refresh</method>
  <thread>17</thread>
  <message>score up</message>
</record>
<record>
  <date>2018-12-23T22:56:00.043117400Z</date>
  <millis>1545605760043</millis>
  <nanos>117400</nanos>
  <sequence>238</sequence>
  <logger>model.gameWorld.MyLogger</logger>
  <level>INFO</level>
  <class>model.gameObjects.Clown</class>
  <method>setX</method>
  <thread>17</thread>
  <message>clown moved right</message>
</record>
<record>
  <date>2018-12-23T22:56:00.207877600Z</date>
  <millis>1545605760207</millis>
  <nanos>877600</nanos>
  <sequence>239</sequence>
  <logger>model.gameWorld.MyLogger</logger>
  <level>INFO</level>
  <class>model.gameObjects.Clown</class>
  <method>intersectStacks</method>
  <thread>17</thread>
  <message>intersection of plate with left stack</message>
</record>
<record>
  <date>2018-12-23T22:56:00.208883600Z</date>
  <millis>1545605760208</millis>
  <nanos>883600</nanos>
  <sequence>240</sequence>
  <logger>model.gameWorld.MyLogger</logger>
  <level>INFO</level>
  <class>model.gameObjects.Clown</class>
  <method>intersectStacks</method>
  <thread>17</thread>
  <message>plate addded to left stack</message>
</record>
<record>
  <date>2018-12-23T22:56:00.379095400Z</date>
  <millis>1545605760379</millis>
  <nanos>95400</nanos>
  <sequence>241</sequence>
  <logger>model.gameWorld.MyLogger</logger>
  <level>INFO</level>
  <class>model.gameObjects.Clown</class>
  <method>setX</method>
  <thread>17</thread>
  <message>clown moved left</message>
</record>
<record>
  <date>2018-12-23T22:56:00.381838400Z</date>
  <millis>1545605760381</millis>
  <nanos>838400</nanos>
  <sequence>242</sequence>
  <logger>model.gameWorld.MyLogger</logger>
  <level>INFO</level>
  <class>model.gameObjects.Clown</class>
  <method>intersectStacks</method>
  <thread>17</thread>
  <message>intersection of plate with right stack</message>
</record>
<record>
  <date>2018-12-23T22:56:00.382145300Z</date>
  <millis>1545605760382</millis>
  <nanos>145300</nanos>
  <sequence>243</sequence>
  <logger>model.gameWorld.MyLogger</logger>
  <level>INFO</level>
  <class>model.gameObjects.Clown</class>
  <method>intersectStacks</method>
  <thread>17</thread>
  <message>plate addded to right stack</message>
</record>
<record>
  <date>2018-12-23T22:56:00.604661800Z</date>
  <millis>1545605760604</millis>
  <nanos>661800</nanos>
  <sequence>244</sequence>
  <logger>model.gameWorld.MyLogger</logger>
  <level>INFO</level>
  <class>model.gameObjects.Clown</class>
  <method>setX</method>
  <thread>17</thread>
  <message>clown moved left</message>
</record>
<record>
  <date>2018-12-23T22:56:00.717105900Z</date>
  <millis>1545605760717</millis>
  <nanos>105900</nanos>
  <sequence>245</sequence>
  <logger>model.gameWorld.MyLogger</logger>
  <level>INFO</level>
  <class>model.gameObjects.Clown</class>
  <method>intersectStacks</method>
  <thread>17</thread>
  <message>intersection of plate with left stack</message>
</record>
<record>
  <date>2018-12-23T22:56:00.717105900Z</date>
  <millis>1545605760717</millis>
  <nanos>105900</nanos>
  <sequence>246</sequence>
  <logger>model.gameWorld.MyLogger</logger>
  <level>INFO</level>
  <class>model.gameObjects.Clown</class>
  <method>intersectStacks</method>
  <thread>17</thread>
  <message>plate addded to left stack</message>
</record>
<record>
  <date>2018-12-23T22:56:00.916849700Z</date>
  <millis>1545605760916</millis>
  <nanos>849700</nanos>
  <sequence>247</sequence>
  <logger>model.gameWorld.MyLogger</logger>
  <level>INFO</level>
  <class>model.gameObjects.Clown</class>
  <method>setX</method>
  <thread>17</thread>
  <message>clown moved left</message>
</record>
<record>
  <date>2018-12-23T22:56:01.347451600Z</date>
  <millis>1545605761347</millis>
  <nanos>451600</nanos>
  <sequence>248</sequence>
  <logger>model.gameWorld.MyLogger</logger>
  <level>INFO</level>
  <class>model.gameObjects.Clown</class>
  <method>setX</method>
  <thread>17</thread>
  <message>clown moved right</message>
</record>
<record>
  <date>2018-12-23T22:56:02.371959800Z</date>
  <millis>1545605762371</millis>
  <nanos>959800</nanos>
  <sequence>249</sequence>
  <logger>model.gameWorld.MyLogger</logger>
  <level>INFO</level>
  <class>model.gameObjects.Clown</class>
  <method>intersectStacks</method>
  <thread>17</thread>
  <message>intersection of plate with left stack</message>
</record>
<record>
  <date>2018-12-23T22:56:02.371959800Z</date>
  <millis>1545605762371</millis>
  <nanos>959800</nanos>
  <sequence>250</sequence>
  <logger>model.gameWorld.MyLogger</logger>
  <level>INFO</level>
  <class>model.gameObjects.Clown</class>
  <method>intersectStacks</method>
  <thread>17</thread>
  <message>plate addded to left stack</message>
</record>
<record>
  <date>2018-12-23T22:56:02.784835900Z</date>
  <millis>1545605762784</millis>
  <nanos>835900</nanos>
  <sequence>251</sequence>
  <logger>model.gameWorld.MyLogger</logger>
  <level>INFO</level>
  <class>model.gameObjects.Clown</class>
  <method>intersectStacks</method>
  <thread>17</thread>
  <message>intersection of plate with right stack</message>
</record>
<record>
  <date>2018-12-23T22:56:02.784835900Z</date>
  <millis>1545605762784</millis>
  <nanos>835900</nanos>
  <sequence>252</sequence>
  <logger>model.gameWorld.MyLogger</logger>
  <level>INFO</level>
  <class>model.gameObjects.Clown</class>
  <method>intersectStacks</method>
  <thread>17</thread>
  <message>plate addded to right stack</message>
</record>
<record>
  <date>2018-12-23T22:56:03.077372100Z</date>
  <millis>1545605763077</millis>
  <nanos>372100</nanos>
  <sequence>253</sequence>
  <logger>model.gameWorld.MyLogger</logger>
  <level>INFO</level>
  <class>model.gameObjects.Clown</class>
  <method>intersectStacks</method>
  <thread>17</thread>
  <message>intersection of plate with left stack</message>
</record>
<record>
  <date>2018-12-23T22:56:03.077372100Z</date>
  <millis>1545605763077</millis>
  <nanos>372100</nanos>
  <sequence>254</sequence>
  <logger>model.gameWorld.MyLogger</logger>
  <level>INFO</level>
  <class>model.gameObjects.Clown</class>
  <method>intersectStacks</method>
  <thread>17</thread>
  <message>plate addded to left stack</message>
</record>
</log>
