<?xml version="1.0" encoding="windows-1252" standalone="no"?>
<!DOCTYPE log SYSTEM "logger.dtd">
<log>
<record>
  <date>2018-12-23T22:05:17.097197200Z</date>
  <millis>1545602717097</millis>
  <nanos>197200</nanos>
  <sequence>0</sequence>
  <logger>model.gameWorld.MyLogger</logger>
  <level>WARNING</level>
  <class>model.gameObjects.shapes.plate.PlatesPool</class>
  <method>PopPlate</method>
  <thread>17</thread>
  <message>pool is empty</message>
</record>
<record>
  <date>2018-12-23T22:05:17.103714900Z</date>
  <millis>1545602717103</millis>
  <nanos>714900</nanos>
  <sequence>1</sequence>
  <logger>model.gameWorld.MyLogger</logger>
  <level>INFO</level>
  <class>model.gameObjects.shapes.plate.PlateFactory</class>
  <method>getPlate</method>
  <thread>17</thread>
  <message>rectanglar Plate instance is returned from factory </message>
</record>
</log>
