<?xml version="1.0" encoding="windows-1256" standalone="no"?>
<!DOCTYPE log SYSTEM "logger.dtd">
<log>
<record>
  <date>2018-12-24T00:02:22</date>
  <millis>1545602542744</millis>
  <sequence>0</sequence>
  <logger>model.gameWorld.MyLogger</logger>
  <level>WARNING</level>
  <class>model.gameObjects.shapes.plate.PlatesPool</class>
  <method>PopPlate</method>
  <thread>14</thread>
  <message>pool is empty</message>
</record>
<record>
  <date>2018-12-24T00:02:22</date>
  <millis>1545602542745</millis>
  <sequence>1</sequence>
  <logger>model.gameWorld.MyLogger</logger>
  <level>INFO</level>
  <class>model.gameObjects.shapes.plate.PlateFactory</class>
  <method>getPlate</method>
  <thread>14</thread>
  <message>rectanglar Plate instance is returned from factory </message>
</record>
<record>
  <date>2018-12-24T00:02:22</date>
  <millis>1545602542767</millis>
  <sequence>2</sequence>
  <logger>model.gameWorld.MyLogger</logger>
  <level>WARNING</level>
  <class>model.gameObjects.shapes.plate.PlatesPool</class>
  <method>PopPlate</method>
  <thread>14</thread>
  <message>pool is empty</message>
</record>
<record>
  <date>2018-12-24T00:02:22</date>
  <millis>1545602542768</millis>
  <sequence>3</sequence>
  <logger>model.gameWorld.MyLogger</logger>
  <level>INFO</level>
  <class>model.gameObjects.shapes.plate.PlateFactory</class>
  <method>getPlate</method>
  <thread>14</thread>
  <message>rectanglar Plate instance is returned from factory </message>
</record>
<record>
  <date>2018-12-24T00:02:22</date>
  <millis>1545602542768</millis>
  <sequence>4</sequence>
  <logger>model.gameWorld.MyLogger</logger>
  <level>WARNING</level>
  <class>model.gameObjects.shapes.plate.PlatesPool</class>
  <method>PopPlate</method>
  <thread>14</thread>
  <message>pool is empty</message>
</record>
<record>
  <date>2018-12-24T00:02:22</date>
  <millis>1545602542769</millis>
  <sequence>5</sequence>
  <logger>model.gameWorld.MyLogger</logger>
  <level>INFO</level>
  <class>model.gameObjects.shapes.plate.PlateFactory</class>
  <method>getPlate</method>
  <thread>14</thread>
  <message>oval Plate instance is returned from factory </message>
</record>
<record>
  <date>2018-12-24T00:02:22</date>
  <millis>1545602542886</millis>
  <sequence>6</sequence>
  <logger>model.gameWorld.MyLogger</logger>
  <level>WARNING</level>
  <class>model.gameObjects.shapes.plate.PlatesPool</class>
  <method>PopPlate</method>
  <thread>14</thread>
  <message>pool is empty</message>
</record>
<record>
  <date>2018-12-24T00:02:22</date>
  <millis>1545602542887</millis>
  <sequence>7</sequence>
  <logger>model.gameWorld.MyLogger</logger>
  <level>INFO</level>
  <class>model.gameObjects.shapes.plate.PlateFactory</class>
  <method>getPlate</method>
  <thread>14</thread>
  <message>oval Plate instance is returned from factory </message>
</record>
<record>
  <date>2018-12-24T00:02:22</date>
  <millis>1545602542887</millis>
  <sequence>8</sequence>
  <logger>model.gameWorld.MyLogger</logger>
  <level>WARNING</level>
  <class>model.gameObjects.shapes.plate.PlatesPool</class>
  <method>PopPlate</method>
  <thread>14</thread>
  <message>pool is empty</message>
</record>
<record>
  <date>2018-12-24T00:02:22</date>
  <millis>1545602542888</millis>
  <sequence>9</sequence>
  <logger>model.gameWorld.MyLogger</logger>
  <level>INFO</level>
  <class>model.gameObjects.shapes.plate.PlateFactory</class>
  <method>getPlate</method>
  <thread>14</thread>
  <message>oval Plate instance is returned from factory </message>
</record>
<record>
  <date>2018-12-24T00:02:22</date>
  <millis>1545602542889</millis>
  <sequence>10</sequence>
  <logger>model.gameWorld.MyLogger</logger>
  <level>WARNING</level>
  <class>model.gameObjects.shapes.plate.PlatesPool</class>
  <method>PopPlate</method>
  <thread>14</thread>
  <message>pool is empty</message>
</record>
<record>
  <date>2018-12-24T00:02:22</date>
  <millis>1545602542890</millis>
  <sequence>11</sequence>
  <logger>model.gameWorld.MyLogger</logger>
  <level>INFO</level>
  <class>model.gameObjects.shapes.plate.PlateFactory</class>
  <method>getPlate</method>
  <thread>14</thread>
  <message>rectanglar Plate instance is returned from factory </message>
</record>
</log>
