<?xml version="1.0" encoding="windows-1252" standalone="no"?>
<!DOCTYPE log SYSTEM "logger.dtd">
<log>
<record>
  <date>2018-12-23T21:25:59.147050Z</date>
  <millis>1545600359147</millis>
  <nanos>50000</nanos>
  <sequence>0</sequence>
  <logger>model.gameWorld.MyLogger</logger>
  <level>WARNING</level>
  <class>model.gameObjects.shapes.plate.PlatesPool</class>
  <method>PopPlate</method>
  <thread>17</thread>
  <message>pool is empty</message>
</record>
<record>
  <date>2018-12-23T21:25:59.154068900Z</date>
  <millis>1545600359154</millis>
  <nanos>68900</nanos>
  <sequence>1</sequence>
  <logger>model.gameWorld.MyLogger</logger>
  <level>INFO</level>
  <class>model.gameObjects.shapes.plate.PlateFactory</class>
  <method>getPlate</method>
  <thread>17</thread>
  <message>oval Plate instance is returned from factory </message>
</record>
</log>
