<?xml version="1.0" encoding="windows-1252" standalone="no"?>
<!DOCTYPE log SYSTEM "logger.dtd">
<log>
<record>
  <date>2018-12-23T22:02:51.873116400Z</date>
  <millis>1545602571873</millis>
  <nanos>116400</nanos>
  <sequence>0</sequence>
  <logger>model.gameWorld.MyLogger</logger>
  <level>WARNING</level>
  <class>model.gameObjects.shapes.plate.PlatesPool</class>
  <method>PopPlate</method>
  <thread>17</thread>
  <message>pool is empty</message>
</record>
<record>
  <date>2018-12-23T22:02:51.896853500Z</date>
  <millis>1545602571896</millis>
  <nanos>853500</nanos>
  <sequence>1</sequence>
  <logger>model.gameWorld.MyLogger</logger>
  <level>INFO</level>
  <class>model.gameObjects.shapes.plate.PlateFactory</class>
  <method>getPlate</method>
  <thread>17</thread>
  <message>rectanglar Plate instance is returned from factory </message>
</record>
<record>
  <date>2018-12-23T22:02:51.898357600Z</date>
  <millis>1545602571898</millis>
  <nanos>357600</nanos>
  <sequence>2</sequence>
  <logger>model.gameWorld.MyLogger</logger>
  <level>WARNING</level>
  <class>model.gameObjects.shapes.plate.PlatesPool</class>
  <method>PopPlate</method>
  <thread>17</thread>
  <message>pool is empty</message>
</record>
<record>
  <date>2018-12-23T22:02:51.898858800Z</date>
  <millis>1545602571898</millis>
  <nanos>858800</nanos>
  <sequence>3</sequence>
  <logger>model.gameWorld.MyLogger</logger>
  <level>INFO</level>
  <class>model.gameObjects.shapes.plate.PlateFactory</class>
  <method>getPlate</method>
  <thread>17</thread>
  <message>oval Plate instance is returned from factory </message>
</record>
<record>
  <date>2018-12-23T22:02:51.903871900Z</date>
  <millis>1545602571903</millis>
  <nanos>871900</nanos>
  <sequence>4</sequence>
  <logger>model.gameWorld.MyLogger</logger>
  <level>WARNING</level>
  <class>model.gameObjects.shapes.plate.PlatesPool</class>
  <method>PopPlate</method>
  <thread>17</thread>
  <message>pool is empty</message>
</record>
<record>
  <date>2018-12-23T22:02:51.904373100Z</date>
  <millis>1545602571904</millis>
  <nanos>373100</nanos>
  <sequence>5</sequence>
  <logger>model.gameWorld.MyLogger</logger>
  <level>INFO</level>
  <class>model.gameObjects.shapes.plate.PlateFactory</class>
  <method>getPlate</method>
  <thread>17</thread>
  <message>rectanglar Plate instance is returned from factory </message>
</record>
<record>
  <date>2018-12-23T22:02:51.904373100Z</date>
  <millis>1545602571904</millis>
  <nanos>373100</nanos>
  <sequence>6</sequence>
  <logger>model.gameWorld.MyLogger</logger>
  <level>WARNING</level>
  <class>model.gameObjects.shapes.plate.PlatesPool</class>
  <method>PopPlate</method>
  <thread>17</thread>
  <message>pool is empty</message>
</record>
<record>
  <date>2018-12-23T22:02:51.904874800Z</date>
  <millis>1545602571904</millis>
  <nanos>874800</nanos>
  <sequence>7</sequence>
  <logger>model.gameWorld.MyLogger</logger>
  <level>INFO</level>
  <class>model.gameObjects.shapes.plate.PlateFactory</class>
  <method>getPlate</method>
  <thread>17</thread>
  <message>oval Plate instance is returned from factory </message>
</record>
<record>
  <date>2018-12-23T22:02:51.905376Z</date>
  <millis>1545602571905</millis>
  <nanos>376000</nanos>
  <sequence>8</sequence>
  <logger>model.gameWorld.MyLogger</logger>
  <level>WARNING</level>
  <class>model.gameObjects.shapes.plate.PlatesPool</class>
  <method>PopPlate</method>
  <thread>17</thread>
  <message>pool is empty</message>
</record>
<record>
  <date>2018-12-23T22:02:51.905877200Z</date>
  <millis>1545602571905</millis>
  <nanos>877200</nanos>
  <sequence>9</sequence>
  <logger>model.gameWorld.MyLogger</logger>
  <level>INFO</level>
  <class>model.gameObjects.shapes.plate.PlateFactory</class>
  <method>getPlate</method>
  <thread>17</thread>
  <message>rectanglar Plate instance is returned from factory </message>
</record>
<record>
  <date>2018-12-23T22:02:51.906378400Z</date>
  <millis>1545602571906</millis>
  <nanos>378400</nanos>
  <sequence>10</sequence>
  <logger>model.gameWorld.MyLogger</logger>
  <level>WARNING</level>
  <class>model.gameObjects.shapes.plate.PlatesPool</class>
  <method>PopPlate</method>
  <thread>17</thread>
  <message>pool is empty</message>
</record>
<record>
  <date>2018-12-23T22:02:51.906378400Z</date>
  <millis>1545602571906</millis>
  <nanos>378400</nanos>
  <sequence>11</sequence>
  <logger>model.gameWorld.MyLogger</logger>
  <level>INFO</level>
  <class>model.gameObjects.shapes.plate.PlateFactory</class>
  <method>getPlate</method>
  <thread>17</thread>
  <message>rectanglar Plate instance is returned from factory </message>
</record>
<record>
  <date>2018-12-23T22:02:53.643554800Z</date>
  <millis>1545602573643</millis>
  <nanos>554800</nanos>
  <sequence>12</sequence>
  <logger>model.gameWorld.MyLogger</logger>
  <level>INFO</level>
  <class>model.gameObjects.Clown</class>
  <method>setX</method>
  <thread>17</thread>
  <message>clown moved right</message>
</record>
<record>
  <date>2018-12-23T22:02:54.130255600Z</date>
  <millis>1545602574130</millis>
  <nanos>255600</nanos>
  <sequence>13</sequence>
  <logger>model.gameWorld.MyLogger</logger>
  <level>INFO</level>
  <class>model.gameObjects.Clown</class>
  <method>setX</method>
  <thread>17</thread>
  <message>clown moved right</message>
</record>
<record>
  <date>2018-12-23T22:02:54.155757400Z</date>
  <millis>1545602574155</millis>
  <nanos>757400</nanos>
  <sequence>14</sequence>
  <logger>model.gameWorld.MyLogger</logger>
  <level>INFO</level>
  <class>model.gameObjects.Clown</class>
  <method>setX</method>
  <thread>17</thread>
  <message>clown moved right</message>
</record>
<record>
  <date>2018-12-23T22:02:54.186437800Z</date>
  <millis>1545602574186</millis>
  <nanos>437800</nanos>
  <sequence>15</sequence>
  <logger>model.gameWorld.MyLogger</logger>
  <level>INFO</level>
  <class>model.gameObjects.Clown</class>
  <method>setX</method>
  <thread>17</thread>
  <message>clown moved right</message>
</record>
<record>
  <date>2018-12-23T22:02:54.217677100Z</date>
  <millis>1545602574217</millis>
  <nanos>677100</nanos>
  <sequence>16</sequence>
  <logger>model.gameWorld.MyLogger</logger>
  <level>INFO</level>
  <class>model.gameObjects.Clown</class>
  <method>setX</method>
  <thread>17</thread>
  <message>clown moved right</message>
</record>
<record>
  <date>2018-12-23T22:02:54.244171500Z</date>
  <millis>1545602574244</millis>
  <nanos>171500</nanos>
  <sequence>17</sequence>
  <logger>model.gameWorld.MyLogger</logger>
  <level>INFO</level>
  <class>model.gameObjects.Clown</class>
  <method>setX</method>
  <thread>17</thread>
  <message>clown moved right</message>
</record>
<record>
  <date>2018-12-23T22:02:54.273876300Z</date>
  <millis>1545602574273</millis>
  <nanos>876300</nanos>
  <sequence>18</sequence>
  <logger>model.gameWorld.MyLogger</logger>
  <level>INFO</level>
  <class>model.gameObjects.Clown</class>
  <method>setX</method>
  <thread>17</thread>
  <message>clown moved right</message>
</record>
<record>
  <date>2018-12-23T22:02:54.382180200Z</date>
  <millis>1545602574382</millis>
  <nanos>180200</nanos>
  <sequence>19</sequence>
  <logger>model.gameWorld.MyLogger</logger>
  <level>INFO</level>
  <class>model.gameObjects.Clown</class>
  <method>intersectStacks</method>
  <thread>17</thread>
  <message>intersection of plate with right stack</message>
</record>
<record>
  <date>2018-12-23T22:02:54.382681900Z</date>
  <millis>1545602574382</millis>
  <nanos>681900</nanos>
  <sequence>20</sequence>
  <logger>model.gameWorld.MyLogger</logger>
  <level>INFO</level>
  <class>model.gameObjects.Clown</class>
  <method>intersectStacks</method>
  <thread>17</thread>
  <message>plate addded to right stack</message>
</record>
<record>
  <date>2018-12-23T22:02:54.383182100Z</date>
  <millis>1545602574383</millis>
  <nanos>182100</nanos>
  <sequence>21</sequence>
  <logger>model.gameWorld.MyLogger</logger>
  <level>WARNING</level>
  <class>model.gameObjects.shapes.plate.PlatesPool</class>
  <method>PopPlate</method>
  <thread>17</thread>
  <message>pool is empty</message>
</record>
<record>
  <date>2018-12-23T22:02:54.383182100Z</date>
  <millis>1545602574383</millis>
  <nanos>182100</nanos>
  <sequence>22</sequence>
  <logger>model.gameWorld.MyLogger</logger>
  <level>INFO</level>
  <class>model.gameObjects.shapes.plate.PlateFactory</class>
  <method>getPlate</method>
  <thread>17</thread>
  <message>oval Plate instance is returned from factory </message>
</record>
<record>
  <date>2018-12-23T22:02:54.474622Z</date>
  <millis>1545602574474</millis>
  <nanos>622000</nanos>
  <sequence>23</sequence>
  <logger>model.gameWorld.MyLogger</logger>
  <level>INFO</level>
  <class>model.gameObjects.Clown</class>
  <method>intersectStacks</method>
  <thread>17</thread>
  <message>intersection of plate with right stack</message>
</record>
<record>
  <date>2018-12-23T22:02:54.475123200Z</date>
  <millis>1545602574475</millis>
  <nanos>123200</nanos>
  <sequence>24</sequence>
  <logger>model.gameWorld.MyLogger</logger>
  <level>INFO</level>
  <class>model.gameObjects.Clown</class>
  <method>intersectStacks</method>
  <thread>17</thread>
  <message>plate addded to right stack</message>
</record>
<record>
  <date>2018-12-23T22:02:54.475624900Z</date>
  <millis>1545602574475</millis>
  <nanos>624900</nanos>
  <sequence>25</sequence>
  <logger>model.gameWorld.MyLogger</logger>
  <level>WARNING</level>
  <class>model.gameObjects.shapes.plate.PlatesPool</class>
  <method>PopPlate</method>
  <thread>17</thread>
  <message>pool is empty</message>
</record>
<record>
  <date>2018-12-23T22:02:54.476125600Z</date>
  <millis>1545602574476</millis>
  <nanos>125600</nanos>
  <sequence>26</sequence>
  <logger>model.gameWorld.MyLogger</logger>
  <level>INFO</level>
  <class>model.gameObjects.shapes.plate.PlateFactory</class>
  <method>getPlate</method>
  <thread>17</thread>
  <message>rectanglar Plate instance is returned from factory </message>
</record>
<record>
  <date>2018-12-23T22:02:54.725143700Z</date>
  <millis>1545602574725</millis>
  <nanos>143700</nanos>
  <sequence>27</sequence>
  <logger>model.gameWorld.MyLogger</logger>
  <level>INFO</level>
  <class>model.gameObjects.Clown</class>
  <method>setX</method>
  <thread>17</thread>
  <message>clown moved left</message>
</record>
<record>
  <date>2018-12-23T22:02:55.160286300Z</date>
  <millis>1545602575160</millis>
  <nanos>286300</nanos>
  <sequence>28</sequence>
  <logger>model.gameWorld.MyLogger</logger>
  <level>INFO</level>
  <class>model.gameObjects.Clown</class>
  <method>setX</method>
  <thread>17</thread>
  <message>clown moved right</message>
</record>
<record>
  <date>2018-12-23T22:02:55.644578800Z</date>
  <millis>1545602575644</millis>
  <nanos>578800</nanos>
  <sequence>29</sequence>
  <logger>model.gameWorld.MyLogger</logger>
  <level>INFO</level>
  <class>model.gameObjects.Clown</class>
  <method>setX</method>
  <thread>17</thread>
  <message>clown moved right</message>
</record>
<record>
  <date>2018-12-23T22:02:55.677432100Z</date>
  <millis>1545602575677</millis>
  <nanos>432100</nanos>
  <sequence>30</sequence>
  <logger>model.gameWorld.MyLogger</logger>
  <level>INFO</level>
  <class>model.gameObjects.Clown</class>
  <method>setX</method>
  <thread>17</thread>
  <message>clown moved right</message>
</record>
<record>
  <date>2018-12-23T22:02:55.699953900Z</date>
  <millis>1545602575699</millis>
  <nanos>953900</nanos>
  <sequence>31</sequence>
  <logger>model.gameWorld.MyLogger</logger>
  <level>INFO</level>
  <class>model.gameObjects.Clown</class>
  <method>setX</method>
  <thread>17</thread>
  <message>clown moved right</message>
</record>
<record>
  <date>2018-12-23T22:02:55.731097Z</date>
  <millis>1545602575731</millis>
  <nanos>97000</nanos>
  <sequence>32</sequence>
  <logger>model.gameWorld.MyLogger</logger>
  <level>INFO</level>
  <class>model.gameObjects.Clown</class>
  <method>setX</method>
  <thread>17</thread>
  <message>clown moved right</message>
</record>
<record>
  <date>2018-12-23T22:02:55.762120800Z</date>
  <millis>1545602575762</millis>
  <nanos>120800</nanos>
  <sequence>33</sequence>
  <logger>model.gameWorld.MyLogger</logger>
  <level>INFO</level>
  <class>model.gameObjects.Clown</class>
  <method>setX</method>
  <thread>17</thread>
  <message>clown moved right</message>
</record>
<record>
  <date>2018-12-23T22:02:55.796230500Z</date>
  <millis>1545602575796</millis>
  <nanos>230500</nanos>
  <sequence>34</sequence>
  <logger>model.gameWorld.MyLogger</logger>
  <level>INFO</level>
  <class>model.gameObjects.Clown</class>
  <method>setX</method>
  <thread>17</thread>
  <message>clown moved right</message>
</record>
<record>
  <date>2018-12-23T22:02:55.818790400Z</date>
  <millis>1545602575818</millis>
  <nanos>790400</nanos>
  <sequence>35</sequence>
  <logger>model.gameWorld.MyLogger</logger>
  <level>INFO</level>
  <class>model.gameObjects.Clown</class>
  <method>setX</method>
  <thread>17</thread>
  <message>clown moved right</message>
</record>
<record>
  <date>2018-12-23T22:02:55.955672300Z</date>
  <millis>1545602575955</millis>
  <nanos>672300</nanos>
  <sequence>36</sequence>
  <logger>model.gameWorld.MyLogger</logger>
  <level>INFO</level>
  <class>model.gameObjects.Clown</class>
  <method>setX</method>
  <thread>17</thread>
  <message>clown moved left</message>
</record>
<record>
  <date>2018-12-23T22:02:56.156936700Z</date>
  <millis>1545602576156</millis>
  <nanos>936700</nanos>
  <sequence>37</sequence>
  <logger>model.gameWorld.MyLogger</logger>
  <level>INFO</level>
  <class>model.gameObjects.Clown</class>
  <method>setX</method>
  <thread>17</thread>
  <message>clown moved left</message>
</record>
<record>
  <date>2018-12-23T22:02:56.327931900Z</date>
  <millis>1545602576327</millis>
  <nanos>931900</nanos>
  <sequence>38</sequence>
  <logger>model.gameWorld.MyLogger</logger>
  <level>INFO</level>
  <class>model.gameObjects.Clown</class>
  <method>setX</method>
  <thread>17</thread>
  <message>clown moved left</message>
</record>
<record>
  <date>2018-12-23T22:02:56.709052200Z</date>
  <millis>1545602576709</millis>
  <nanos>52200</nanos>
  <sequence>39</sequence>
  <logger>model.gameWorld.MyLogger</logger>
  <level>INFO</level>
  <class>model.gameObjects.Clown</class>
  <method>setX</method>
  <thread>17</thread>
  <message>clown moved left</message>
</record>
<record>
  <date>2018-12-23T22:02:56.913595800Z</date>
  <millis>1545602576913</millis>
  <nanos>595800</nanos>
  <sequence>40</sequence>
  <logger>model.gameWorld.MyLogger</logger>
  <level>INFO</level>
  <class>model.gameObjects.Clown</class>
  <method>intersectStacks</method>
  <thread>17</thread>
  <message>intersection of plate with left stack</message>
</record>
<record>
  <date>2018-12-23T22:02:56.913771Z</date>
  <millis>1545602576913</millis>
  <nanos>771000</nanos>
  <sequence>41</sequence>
  <logger>model.gameWorld.MyLogger</logger>
  <level>INFO</level>
  <class>model.gameObjects.Clown</class>
  <method>intersectStacks</method>
  <thread>17</thread>
  <message>plate addded to left stack</message>
</record>
<record>
  <date>2018-12-23T22:02:56.914272300Z</date>
  <millis>1545602576914</millis>
  <nanos>272300</nanos>
  <sequence>42</sequence>
  <logger>model.gameWorld.MyLogger</logger>
  <level>WARNING</level>
  <class>model.gameObjects.shapes.plate.PlatesPool</class>
  <method>PopPlate</method>
  <thread>17</thread>
  <message>pool is empty</message>
</record>
<record>
  <date>2018-12-23T22:02:56.914272300Z</date>
  <millis>1545602576914</millis>
  <nanos>272300</nanos>
  <sequence>43</sequence>
  <logger>model.gameWorld.MyLogger</logger>
  <level>INFO</level>
  <class>model.gameObjects.shapes.plate.PlateFactory</class>
  <method>getPlate</method>
  <thread>17</thread>
  <message>rectanglar Plate instance is returned from factory </message>
</record>
<record>
  <date>2018-12-23T22:02:57.427487600Z</date>
  <millis>1545602577427</millis>
  <nanos>487600</nanos>
  <sequence>44</sequence>
  <logger>model.gameWorld.MyLogger</logger>
  <level>INFO</level>
  <class>model.gameObjects.Clown</class>
  <method>setX</method>
  <thread>17</thread>
  <message>clown moved left</message>
</record>
<record>
  <date>2018-12-23T22:02:57.999393800Z</date>
  <millis>1545602577999</millis>
  <nanos>393800</nanos>
  <sequence>45</sequence>
  <logger>model.gameWorld.MyLogger</logger>
  <level>INFO</level>
  <class>model.gameObjects.Clown</class>
  <method>intersectStacks</method>
  <thread>17</thread>
  <message>intersection of plate with left stack</message>
</record>
<record>
  <date>2018-12-23T22:02:57.999895500Z</date>
  <millis>1545602577999</millis>
  <nanos>895500</nanos>
  <sequence>46</sequence>
  <logger>model.gameWorld.MyLogger</logger>
  <level>INFO</level>
  <class>model.gameObjects.Clown</class>
  <method>intersectStacks</method>
  <thread>17</thread>
  <message>plate addded to left stack</message>
</record>
<record>
  <date>2018-12-23T22:02:57.999895500Z</date>
  <millis>1545602577999</millis>
  <nanos>895500</nanos>
  <sequence>47</sequence>
  <logger>model.gameWorld.MyLogger</logger>
  <level>WARNING</level>
  <class>model.gameObjects.shapes.plate.PlatesPool</class>
  <method>PopPlate</method>
  <thread>17</thread>
  <message>pool is empty</message>
</record>
<record>
  <date>2018-12-23T22:02:58.000397300Z</date>
  <millis>1545602578000</millis>
  <nanos>397300</nanos>
  <sequence>48</sequence>
  <logger>model.gameWorld.MyLogger</logger>
  <level>INFO</level>
  <class>model.gameObjects.shapes.plate.PlateFactory</class>
  <method>getPlate</method>
  <thread>17</thread>
  <message>rectanglar Plate instance is returned from factory </message>
</record>
<record>
  <date>2018-12-23T22:02:58.106455800Z</date>
  <millis>1545602578106</millis>
  <nanos>455800</nanos>
  <sequence>49</sequence>
  <logger>model.gameWorld.MyLogger</logger>
  <level>INFO</level>
  <class>model.gameObjects.Clown</class>
  <method>intersectStacks</method>
  <thread>17</thread>
  <message>intersection of plate with right stack</message>
</record>
<record>
  <date>2018-12-23T22:02:58.106455800Z</date>
  <millis>1545602578106</millis>
  <nanos>455800</nanos>
  <sequence>50</sequence>
  <logger>model.gameWorld.MyLogger</logger>
  <level>INFO</level>
  <class>model.gameObjects.Clown</class>
  <method>intersectStacks</method>
  <thread>17</thread>
  <message>plate addded to right stack</message>
</record>
<record>
  <date>2018-12-23T22:02:58.107513200Z</date>
  <millis>1545602578107</millis>
  <nanos>513200</nanos>
  <sequence>51</sequence>
  <logger>model.gameWorld.MyLogger</logger>
  <level>WARNING</level>
  <class>model.gameWorld.GameWorld</class>
  <method>refresh</method>
  <thread>17</thread>
  <message>score up</message>
</record>
<record>
  <date>2018-12-23T22:02:58.165653500Z</date>
  <millis>1545602578165</millis>
  <nanos>653500</nanos>
  <sequence>52</sequence>
  <logger>model.gameWorld.MyLogger</logger>
  <level>INFO</level>
  <class>model.gameObjects.Clown</class>
  <method>setX</method>
  <thread>17</thread>
  <message>clown moved left</message>
</record>
<record>
  <date>2018-12-23T22:02:58.976861700Z</date>
  <millis>1545602578976</millis>
  <nanos>861700</nanos>
  <sequence>53</sequence>
  <logger>model.gameWorld.MyLogger</logger>
  <level>INFO</level>
  <class>model.gameObjects.Clown</class>
  <method>setX</method>
  <thread>17</thread>
  <message>clown moved left</message>
</record>
<record>
  <date>2018-12-23T22:02:59.245040800Z</date>
  <millis>1545602579245</millis>
  <nanos>40800</nanos>
  <sequence>54</sequence>
  <logger>model.gameWorld.MyLogger</logger>
  <level>INFO</level>
  <class>model.gameObjects.Clown</class>
  <method>setX</method>
  <thread>17</thread>
  <message>clown moved left</message>
</record>
<record>
  <date>2018-12-23T22:02:59.559629900Z</date>
  <millis>1545602579559</millis>
  <nanos>629900</nanos>
  <sequence>55</sequence>
  <logger>model.gameWorld.MyLogger</logger>
  <level>INFO</level>
  <class>model.gameObjects.Clown</class>
  <method>setX</method>
  <thread>17</thread>
  <message>clown moved left</message>
</record>
<record>
  <date>2018-12-23T22:02:59.748308600Z</date>
  <millis>1545602579748</millis>
  <nanos>308600</nanos>
  <sequence>56</sequence>
  <logger>model.gameWorld.MyLogger</logger>
  <level>INFO</level>
  <class>model.gameObjects.Clown</class>
  <method>setX</method>
  <thread>17</thread>
  <message>clown moved right</message>
</record>
<record>
  <date>2018-12-23T22:02:59.932758700Z</date>
  <millis>1545602579932</millis>
  <nanos>758700</nanos>
  <sequence>57</sequence>
  <logger>model.gameWorld.MyLogger</logger>
  <level>INFO</level>
  <class>model.gameObjects.Clown</class>
  <method>setX</method>
  <thread>17</thread>
  <message>clown moved right</message>
</record>
<record>
  <date>2018-12-23T22:03:00.083658400Z</date>
  <millis>1545602580083</millis>
  <nanos>658400</nanos>
  <sequence>58</sequence>
  <logger>model.gameWorld.MyLogger</logger>
  <level>INFO</level>
  <class>model.gameObjects.Clown</class>
  <method>setX</method>
  <thread>17</thread>
  <message>clown moved right</message>
</record>
<record>
  <date>2018-12-23T22:03:00.463324500Z</date>
  <millis>1545602580463</millis>
  <nanos>324500</nanos>
  <sequence>59</sequence>
  <logger>model.gameWorld.MyLogger</logger>
  <level>INFO</level>
  <class>model.gameObjects.Clown</class>
  <method>setX</method>
  <thread>17</thread>
  <message>clown moved right</message>
</record>
<record>
  <date>2018-12-23T22:03:00.570521700Z</date>
  <millis>1545602580570</millis>
  <nanos>521700</nanos>
  <sequence>60</sequence>
  <logger>model.gameWorld.MyLogger</logger>
  <level>INFO</level>
  <class>model.gameObjects.Clown</class>
  <method>intersectStacks</method>
  <thread>17</thread>
  <message>intersection of plate with left stack</message>
</record>
<record>
  <date>2018-12-23T22:03:00.572053600Z</date>
  <millis>1545602580572</millis>
  <nanos>53600</nanos>
  <sequence>61</sequence>
  <logger>model.gameWorld.MyLogger</logger>
  <level>INFO</level>
  <class>model.gameObjects.Clown</class>
  <method>intersectStacks</method>
  <thread>17</thread>
  <message>plate addded to left stack</message>
</record>
<record>
  <date>2018-12-23T22:03:00.572526600Z</date>
  <millis>1545602580572</millis>
  <nanos>526600</nanos>
  <sequence>62</sequence>
  <logger>model.gameWorld.MyLogger</logger>
  <level>WARNING</level>
  <class>model.gameWorld.GameWorld</class>
  <method>refresh</method>
  <thread>17</thread>
  <message>score up</message>
</record>
<record>
  <date>2018-12-23T22:03:01.250054400Z</date>
  <millis>1545602581250</millis>
  <nanos>54400</nanos>
  <sequence>63</sequence>
  <logger>model.gameWorld.MyLogger</logger>
  <level>INFO</level>
  <class>model.gameObjects.Clown</class>
  <method>setX</method>
  <thread>17</thread>
  <message>clown moved right</message>
</record>
<record>
  <date>2018-12-23T22:03:01.612731900Z</date>
  <millis>1545602581612</millis>
  <nanos>731900</nanos>
  <sequence>64</sequence>
  <logger>model.gameWorld.MyLogger</logger>
  <level>INFO</level>
  <class>model.gameObjects.shapes.plate.PlateFactory</class>
  <method>getBatmanLogo</method>
  <thread>17</thread>
  <message>batman logo instance is returned from factory </message>
</record>
<record>
  <date>2018-12-23T22:03:01.642878800Z</date>
  <millis>1545602581642</millis>
  <nanos>878800</nanos>
  <sequence>65</sequence>
  <logger>model.gameWorld.MyLogger</logger>
  <level>INFO</level>
  <class>model.gameObjects.Clown</class>
  <method>setX</method>
  <thread>17</thread>
  <message>clown moved left</message>
</record>
<record>
  <date>2018-12-23T22:03:01.880756300Z</date>
  <millis>1545602581880</millis>
  <nanos>756300</nanos>
  <sequence>66</sequence>
  <logger>model.gameWorld.MyLogger</logger>
  <level>INFO</level>
  <class>model.gameObjects.Clown</class>
  <method>setX</method>
  <thread>17</thread>
  <message>clown moved left</message>
</record>
<record>
  <date>2018-12-23T22:03:02.292617700Z</date>
  <millis>1545602582292</millis>
  <nanos>617700</nanos>
  <sequence>67</sequence>
  <logger>model.gameWorld.MyLogger</logger>
  <level>INFO</level>
  <class>model.gameObjects.Clown</class>
  <method>setX</method>
  <thread>17</thread>
  <message>clown moved left</message>
</record>
<record>
  <date>2018-12-23T22:03:02.878739700Z</date>
  <millis>1545602582878</millis>
  <nanos>739700</nanos>
  <sequence>68</sequence>
  <logger>model.gameWorld.MyLogger</logger>
  <level>INFO</level>
  <class>model.gameObjects.Clown</class>
  <method>setX</method>
  <thread>17</thread>
  <message>clown moved left</message>
</record>
<record>
  <date>2018-12-23T22:03:03.159497700Z</date>
  <millis>1545602583159</millis>
  <nanos>497700</nanos>
  <sequence>69</sequence>
  <logger>model.gameWorld.MyLogger</logger>
  <level>INFO</level>
  <class>model.gameObjects.Clown</class>
  <method>setX</method>
  <thread>17</thread>
  <message>clown moved left</message>
</record>
<record>
  <date>2018-12-23T22:03:03.397114100Z</date>
  <millis>1545602583397</millis>
  <nanos>114100</nanos>
  <sequence>70</sequence>
  <logger>model.gameWorld.MyLogger</logger>
  <level>INFO</level>
  <class>model.gameObjects.Clown</class>
  <method>setX</method>
  <thread>17</thread>
  <message>clown moved left</message>
</record>
<record>
  <date>2018-12-23T22:03:03.557044700Z</date>
  <millis>1545602583557</millis>
  <nanos>44700</nanos>
  <sequence>71</sequence>
  <logger>model.gameWorld.MyLogger</logger>
  <level>INFO</level>
  <class>model.gameObjects.Clown</class>
  <method>setX</method>
  <thread>17</thread>
  <message>clown moved left</message>
</record>
<record>
  <date>2018-12-23T22:03:03.748048Z</date>
  <millis>1545602583748</millis>
  <nanos>48000</nanos>
  <sequence>72</sequence>
  <logger>model.gameWorld.MyLogger</logger>
  <level>INFO</level>
  <class>model.gameObjects.Clown</class>
  <method>setX</method>
  <thread>17</thread>
  <message>clown moved left</message>
</record>
<record>
  <date>2018-12-23T22:03:03.772611700Z</date>
  <millis>1545602583772</millis>
  <nanos>611700</nanos>
  <sequence>73</sequence>
  <logger>model.gameWorld.MyLogger</logger>
  <level>INFO</level>
  <class>model.gameObjects.Clown</class>
  <method>intersectStacks</method>
  <thread>17</thread>
  <message>intersection of Batman with left stack</message>
</record>
<record>
  <date>2018-12-23T22:03:03.773113900Z</date>
  <millis>1545602583773</millis>
  <nanos>113900</nanos>
  <sequence>74</sequence>
  <logger>model.gameWorld.MyLogger</logger>
  <level>WARNING</level>
  <class>model.gameWorld.GameWorld</class>
  <method>refresh</method>
  <thread>17</thread>
  <message>batman affects score down</message>
</record>
<record>
  <date>2018-12-23T22:03:04.060282300Z</date>
  <millis>1545602584060</millis>
  <nanos>282300</nanos>
  <sequence>75</sequence>
  <logger>model.gameWorld.MyLogger</logger>
  <level>INFO</level>
  <class>model.gameObjects.Clown</class>
  <method>setX</method>
  <thread>17</thread>
  <message>clown moved right</message>
</record>
<record>
  <date>2018-12-23T22:03:04.549449500Z</date>
  <millis>1545602584549</millis>
  <nanos>449500</nanos>
  <sequence>76</sequence>
  <logger>model.gameWorld.MyLogger</logger>
  <level>INFO</level>
  <class>model.gameObjects.Clown</class>
  <method>setX</method>
  <thread>17</thread>
  <message>clown moved right</message>
</record>
<record>
  <date>2018-12-23T22:03:04.581367300Z</date>
  <millis>1545602584581</millis>
  <nanos>367300</nanos>
  <sequence>77</sequence>
  <logger>model.gameWorld.MyLogger</logger>
  <level>INFO</level>
  <class>model.gameObjects.Clown</class>
  <method>setX</method>
  <thread>17</thread>
  <message>clown moved right</message>
</record>
<record>
  <date>2018-12-23T22:03:04.607720900Z</date>
  <millis>1545602584607</millis>
  <nanos>720900</nanos>
  <sequence>78</sequence>
  <logger>model.gameWorld.MyLogger</logger>
  <level>INFO</level>
  <class>model.gameObjects.Clown</class>
  <method>setX</method>
  <thread>17</thread>
  <message>clown moved right</message>
</record>
<record>
  <date>2018-12-23T22:03:04.638421900Z</date>
  <millis>1545602584638</millis>
  <nanos>421900</nanos>
  <sequence>79</sequence>
  <logger>model.gameWorld.MyLogger</logger>
  <level>INFO</level>
  <class>model.gameObjects.Clown</class>
  <method>setX</method>
  <thread>17</thread>
  <message>clown moved right</message>
</record>
<record>
  <date>2018-12-23T22:03:04.669513100Z</date>
  <millis>1545602584669</millis>
  <nanos>513100</nanos>
  <sequence>80</sequence>
  <logger>model.gameWorld.MyLogger</logger>
  <level>INFO</level>
  <class>model.gameObjects.Clown</class>
  <method>setX</method>
  <thread>17</thread>
  <message>clown moved right</message>
</record>
<record>
  <date>2018-12-23T22:03:04.700167300Z</date>
  <millis>1545602584700</millis>
  <nanos>167300</nanos>
  <sequence>81</sequence>
  <logger>model.gameWorld.MyLogger</logger>
  <level>INFO</level>
  <class>model.gameObjects.Clown</class>
  <method>setX</method>
  <thread>17</thread>
  <message>clown moved right</message>
</record>
<record>
  <date>2018-12-23T22:03:04.726674600Z</date>
  <millis>1545602584726</millis>
  <nanos>674600</nanos>
  <sequence>82</sequence>
  <logger>model.gameWorld.MyLogger</logger>
  <level>INFO</level>
  <class>model.gameObjects.Clown</class>
  <method>setX</method>
  <thread>17</thread>
  <message>clown moved right</message>
</record>
<record>
  <date>2018-12-23T22:03:04.756072400Z</date>
  <millis>1545602584756</millis>
  <nanos>72400</nanos>
  <sequence>83</sequence>
  <logger>model.gameWorld.MyLogger</logger>
  <level>INFO</level>
  <class>model.gameObjects.Clown</class>
  <method>setX</method>
  <thread>17</thread>
  <message>clown moved right</message>
</record>
<record>
  <date>2018-12-23T22:03:04.790115300Z</date>
  <millis>1545602584790</millis>
  <nanos>115300</nanos>
  <sequence>84</sequence>
  <logger>model.gameWorld.MyLogger</logger>
  <level>INFO</level>
  <class>model.gameObjects.Clown</class>
  <method>setX</method>
  <thread>17</thread>
  <message>clown moved right</message>
</record>
<record>
  <date>2018-12-23T22:03:04.821797600Z</date>
  <millis>1545602584821</millis>
  <nanos>797600</nanos>
  <sequence>85</sequence>
  <logger>model.gameWorld.MyLogger</logger>
  <level>INFO</level>
  <class>model.gameObjects.Clown</class>
  <method>setX</method>
  <thread>17</thread>
  <message>clown moved right</message>
</record>
<record>
  <date>2018-12-23T22:03:04.845185600Z</date>
  <millis>1545602584845</millis>
  <nanos>185600</nanos>
  <sequence>86</sequence>
  <logger>model.gameWorld.MyLogger</logger>
  <level>INFO</level>
  <class>model.gameObjects.Clown</class>
  <method>setX</method>
  <thread>17</thread>
  <message>clown moved right</message>
</record>
<record>
  <date>2018-12-23T22:03:04.874735200Z</date>
  <millis>1545602584874</millis>
  <nanos>735200</nanos>
  <sequence>87</sequence>
  <logger>model.gameWorld.MyLogger</logger>
  <level>INFO</level>
  <class>model.gameObjects.Clown</class>
  <method>setX</method>
  <thread>17</thread>
  <message>clown moved right</message>
</record>
<record>
  <date>2018-12-23T22:03:04.906220100Z</date>
  <millis>1545602584906</millis>
  <nanos>220100</nanos>
  <sequence>88</sequence>
  <logger>model.gameWorld.MyLogger</logger>
  <level>INFO</level>
  <class>model.gameObjects.Clown</class>
  <method>setX</method>
  <thread>17</thread>
  <message>clown moved right</message>
</record>
<record>
  <date>2018-12-23T22:03:04.937881800Z</date>
  <millis>1545602584937</millis>
  <nanos>881800</nanos>
  <sequence>89</sequence>
  <logger>model.gameWorld.MyLogger</logger>
  <level>INFO</level>
  <class>model.gameObjects.Clown</class>
  <method>setX</method>
  <thread>17</thread>
  <message>clown moved right</message>
</record>
<record>
  <date>2018-12-23T22:03:05.198554200Z</date>
  <millis>1545602585198</millis>
  <nanos>554200</nanos>
  <sequence>90</sequence>
  <logger>model.gameWorld.MyLogger</logger>
  <level>INFO</level>
  <class>model.gameObjects.Clown</class>
  <method>setX</method>
  <thread>17</thread>
  <message>clown moved right</message>
</record>
<record>
  <date>2018-12-23T22:03:05.493526400Z</date>
  <millis>1545602585493</millis>
  <nanos>526400</nanos>
  <sequence>91</sequence>
  <logger>model.gameWorld.MyLogger</logger>
  <level>INFO</level>
  <class>model.gameObjects.Clown</class>
  <method>setX</method>
  <thread>17</thread>
  <message>clown moved left</message>
</record>
<record>
  <date>2018-12-23T22:03:05.495668500Z</date>
  <millis>1545602585495</millis>
  <nanos>668500</nanos>
  <sequence>92</sequence>
  <logger>model.gameWorld.MyLogger</logger>
  <level>INFO</level>
  <class>model.gameObjects.Clown</class>
  <method>intersectStacks</method>
  <thread>17</thread>
  <message>intersection of plate with left stack</message>
</record>
<record>
  <date>2018-12-23T22:03:05.495668500Z</date>
  <millis>1545602585495</millis>
  <nanos>668500</nanos>
  <sequence>93</sequence>
  <logger>model.gameWorld.MyLogger</logger>
  <level>INFO</level>
  <class>model.gameObjects.Clown</class>
  <method>intersectStacks</method>
  <thread>17</thread>
  <message>plate addded to left stack</message>
</record>
<record>
  <date>2018-12-23T22:03:05.858336200Z</date>
  <millis>1545602585858</millis>
  <nanos>336200</nanos>
  <sequence>94</sequence>
  <logger>model.gameWorld.MyLogger</logger>
  <level>INFO</level>
  <class>model.gameObjects.Clown</class>
  <method>setX</method>
  <thread>17</thread>
  <message>clown moved left</message>
</record>
<record>
  <date>2018-12-23T22:03:06.116596100Z</date>
  <millis>1545602586116</millis>
  <nanos>596100</nanos>
  <sequence>95</sequence>
  <logger>model.gameWorld.MyLogger</logger>
  <level>INFO</level>
  <class>model.gameObjects.Clown</class>
  <method>setX</method>
  <thread>17</thread>
  <message>clown moved left</message>
</record>
<record>
  <date>2018-12-23T22:03:06.450529200Z</date>
  <millis>1545602586450</millis>
  <nanos>529200</nanos>
  <sequence>96</sequence>
  <logger>model.gameWorld.MyLogger</logger>
  <level>INFO</level>
  <class>model.gameObjects.Clown</class>
  <method>setX</method>
  <thread>17</thread>
  <message>clown moved left</message>
</record>
<record>
  <date>2018-12-23T22:03:06.521753700Z</date>
  <millis>1545602586521</millis>
  <nanos>753700</nanos>
  <sequence>97</sequence>
  <logger>model.gameWorld.MyLogger</logger>
  <level>INFO</level>
  <class>model.gameObjects.Clown</class>
  <method>intersectStacks</method>
  <thread>17</thread>
  <message>intersection of plate with left stack</message>
</record>
<record>
  <date>2018-12-23T22:03:06.522259Z</date>
  <millis>1545602586522</millis>
  <nanos>259000</nanos>
  <sequence>98</sequence>
  <logger>model.gameWorld.MyLogger</logger>
  <level>INFO</level>
  <class>model.gameObjects.Clown</class>
  <method>intersectStacks</method>
  <thread>17</thread>
  <message>plate addded to left stack</message>
</record>
<record>
  <date>2018-12-23T22:03:06.609414200Z</date>
  <millis>1545602586609</millis>
  <nanos>414200</nanos>
  <sequence>99</sequence>
  <logger>model.gameWorld.MyLogger</logger>
  <level>INFO</level>
  <class>model.gameObjects.shapes.plate.PlateFactory</class>
  <method>getHarleyLogo</method>
  <thread>17</thread>
  <message>harley logo instance is returned from factory </message>
</record>
<record>
  <date>2018-12-23T22:03:06.940792400Z</date>
  <millis>1545602586940</millis>
  <nanos>792400</nanos>
  <sequence>100</sequence>
  <logger>model.gameWorld.MyLogger</logger>
  <level>INFO</level>
  <class>model.gameObjects.Clown</class>
  <method>setX</method>
  <thread>17</thread>
  <message>clown moved left</message>
</record>
<record>
  <date>2018-12-23T22:03:06.973176400Z</date>
  <millis>1545602586973</millis>
  <nanos>176400</nanos>
  <sequence>101</sequence>
  <logger>model.gameWorld.MyLogger</logger>
  <level>INFO</level>
  <class>model.gameObjects.Clown</class>
  <method>setX</method>
  <thread>17</thread>
  <message>clown moved left</message>
</record>
<record>
  <date>2018-12-23T22:03:07.004653100Z</date>
  <millis>1545602587004</millis>
  <nanos>653100</nanos>
  <sequence>102</sequence>
  <logger>model.gameWorld.MyLogger</logger>
  <level>INFO</level>
  <class>model.gameObjects.Clown</class>
  <method>setX</method>
  <thread>17</thread>
  <message>clown moved left</message>
</record>
<record>
  <date>2018-12-23T22:03:07.028482700Z</date>
  <millis>1545602587028</millis>
  <nanos>482700</nanos>
  <sequence>103</sequence>
  <logger>model.gameWorld.MyLogger</logger>
  <level>INFO</level>
  <class>model.gameObjects.Clown</class>
  <method>setX</method>
  <thread>17</thread>
  <message>clown moved left</message>
</record>
<record>
  <date>2018-12-23T22:03:07.058562700Z</date>
  <millis>1545602587058</millis>
  <nanos>562700</nanos>
  <sequence>104</sequence>
  <logger>model.gameWorld.MyLogger</logger>
  <level>INFO</level>
  <class>model.gameObjects.Clown</class>
  <method>setX</method>
  <thread>17</thread>
  <message>clown moved left</message>
</record>
<record>
  <date>2018-12-23T22:03:07.091350800Z</date>
  <millis>1545602587091</millis>
  <nanos>350800</nanos>
  <sequence>105</sequence>
  <logger>model.gameWorld.MyLogger</logger>
  <level>INFO</level>
  <class>model.gameObjects.Clown</class>
  <method>setX</method>
  <thread>17</thread>
  <message>clown moved left</message>
</record>
<record>
  <date>2018-12-23T22:03:07.116478400Z</date>
  <millis>1545602587116</millis>
  <nanos>478400</nanos>
  <sequence>106</sequence>
  <logger>model.gameWorld.MyLogger</logger>
  <level>INFO</level>
  <class>model.gameObjects.Clown</class>
  <method>setX</method>
  <thread>17</thread>
  <message>clown moved left</message>
</record>
<record>
  <date>2018-12-23T22:03:07.147554100Z</date>
  <millis>1545602587147</millis>
  <nanos>554100</nanos>
  <sequence>107</sequence>
  <logger>model.gameWorld.MyLogger</logger>
  <level>INFO</level>
  <class>model.gameObjects.Clown</class>
  <method>setX</method>
  <thread>17</thread>
  <message>clown moved left</message>
</record>
<record>
  <date>2018-12-23T22:03:07.177575Z</date>
  <millis>1545602587177</millis>
  <nanos>575000</nanos>
  <sequence>108</sequence>
  <logger>model.gameWorld.MyLogger</logger>
  <level>INFO</level>
  <class>model.gameObjects.Clown</class>
  <method>setX</method>
  <thread>17</thread>
  <message>clown moved left</message>
</record>
<record>
  <date>2018-12-23T22:03:07.209453700Z</date>
  <millis>1545602587209</millis>
  <nanos>453700</nanos>
  <sequence>109</sequence>
  <logger>model.gameWorld.MyLogger</logger>
  <level>INFO</level>
  <class>model.gameObjects.Clown</class>
  <method>setX</method>
  <thread>17</thread>
  <message>clown moved left</message>
</record>
<record>
  <date>2018-12-23T22:03:07.236480700Z</date>
  <millis>1545602587236</millis>
  <nanos>480700</nanos>
  <sequence>110</sequence>
  <logger>model.gameWorld.MyLogger</logger>
  <level>INFO</level>
  <class>model.gameObjects.Clown</class>
  <method>setX</method>
  <thread>17</thread>
  <message>clown moved left</message>
</record>
<record>
  <date>2018-12-23T22:03:07.265264300Z</date>
  <millis>1545602587265</millis>
  <nanos>264300</nanos>
  <sequence>111</sequence>
  <logger>model.gameWorld.MyLogger</logger>
  <level>INFO</level>
  <class>model.gameObjects.Clown</class>
  <method>setX</method>
  <thread>17</thread>
  <message>clown moved left</message>
</record>
<record>
  <date>2018-12-23T22:03:07.472637200Z</date>
  <millis>1545602587472</millis>
  <nanos>637200</nanos>
  <sequence>112</sequence>
  <logger>model.gameWorld.MyLogger</logger>
  <level>INFO</level>
  <class>model.gameObjects.Clown</class>
  <method>setX</method>
  <thread>17</thread>
  <message>clown moved left</message>
</record>
<record>
  <date>2018-12-23T22:03:07.706209Z</date>
  <millis>1545602587706</millis>
  <nanos>209000</nanos>
  <sequence>113</sequence>
  <logger>model.gameWorld.MyLogger</logger>
  <level>INFO</level>
  <class>model.gameObjects.Clown</class>
  <method>setX</method>
  <thread>17</thread>
  <message>clown moved left</message>
</record>
<record>
  <date>2018-12-23T22:03:07.934946600Z</date>
  <millis>1545602587934</millis>
  <nanos>946600</nanos>
  <sequence>114</sequence>
  <logger>model.gameWorld.MyLogger</logger>
  <level>INFO</level>
  <class>model.gameObjects.Clown</class>
  <method>intersectStacks</method>
  <thread>17</thread>
  <message>intersection of plate with left stack</message>
</record>
<record>
  <date>2018-12-23T22:03:07.935997800Z</date>
  <millis>1545602587935</millis>
  <nanos>997800</nanos>
  <sequence>115</sequence>
  <logger>model.gameWorld.MyLogger</logger>
  <level>INFO</level>
  <class>model.gameObjects.Clown</class>
  <method>intersectStacks</method>
  <thread>17</thread>
  <message>plate addded to left stack</message>
</record>
<record>
  <date>2018-12-23T22:03:07.936499500Z</date>
  <millis>1545602587936</millis>
  <nanos>499500</nanos>
  <sequence>116</sequence>
  <logger>model.gameWorld.MyLogger</logger>
  <level>WARNING</level>
  <class>model.gameWorld.GameWorld</class>
  <method>refresh</method>
  <thread>17</thread>
  <message>score up</message>
</record>
<record>
  <date>2018-12-23T22:03:08.115467200Z</date>
  <millis>1545602588115</millis>
  <nanos>467200</nanos>
  <sequence>117</sequence>
  <logger>model.gameWorld.MyLogger</logger>
  <level>INFO</level>
  <class>model.gameObjects.Clown</class>
  <method>setX</method>
  <thread>17</thread>
  <message>clown moved right</message>
</record>
<record>
  <date>2018-12-23T22:03:08.607845800Z</date>
  <millis>1545602588607</millis>
  <nanos>845800</nanos>
  <sequence>118</sequence>
  <logger>model.gameWorld.MyLogger</logger>
  <level>INFO</level>
  <class>model.gameObjects.Clown</class>
  <method>setX</method>
  <thread>17</thread>
  <message>clown moved right</message>
</record>
<record>
  <date>2018-12-23T22:03:08.632905Z</date>
  <millis>1545602588632</millis>
  <nanos>905000</nanos>
  <sequence>119</sequence>
  <logger>model.gameWorld.MyLogger</logger>
  <level>INFO</level>
  <class>model.gameObjects.Clown</class>
  <method>setX</method>
  <thread>17</thread>
  <message>clown moved right</message>
</record>
<record>
  <date>2018-12-23T22:03:08.663377800Z</date>
  <millis>1545602588663</millis>
  <nanos>377800</nanos>
  <sequence>120</sequence>
  <logger>model.gameWorld.MyLogger</logger>
  <level>INFO</level>
  <class>model.gameObjects.Clown</class>
  <method>setX</method>
  <thread>17</thread>
  <message>clown moved right</message>
</record>
<record>
  <date>2018-12-23T22:03:08.695183Z</date>
  <millis>1545602588695</millis>
  <nanos>183000</nanos>
  <sequence>121</sequence>
  <logger>model.gameWorld.MyLogger</logger>
  <level>INFO</level>
  <class>model.gameObjects.Clown</class>
  <method>setX</method>
  <thread>17</thread>
  <message>clown moved right</message>
</record>
<record>
  <date>2018-12-23T22:03:08.726704400Z</date>
  <millis>1545602588726</millis>
  <nanos>704400</nanos>
  <sequence>122</sequence>
  <logger>model.gameWorld.MyLogger</logger>
  <level>INFO</level>
  <class>model.gameObjects.Clown</class>
  <method>setX</method>
  <thread>17</thread>
  <message>clown moved right</message>
</record>
<record>
  <date>2018-12-23T22:03:08.753254400Z</date>
  <millis>1545602588753</millis>
  <nanos>254400</nanos>
  <sequence>123</sequence>
  <logger>model.gameWorld.MyLogger</logger>
  <level>INFO</level>
  <class>model.gameObjects.Clown</class>
  <method>setX</method>
  <thread>17</thread>
  <message>clown moved right</message>
</record>
<record>
  <date>2018-12-23T22:03:08.781327Z</date>
  <millis>1545602588781</millis>
  <nanos>327000</nanos>
  <sequence>124</sequence>
  <logger>model.gameWorld.MyLogger</logger>
  <level>INFO</level>
  <class>model.gameObjects.Clown</class>
  <method>setX</method>
  <thread>17</thread>
  <message>clown moved right</message>
</record>
<record>
  <date>2018-12-23T22:03:08.811909800Z</date>
  <millis>1545602588811</millis>
  <nanos>909800</nanos>
  <sequence>125</sequence>
  <logger>model.gameWorld.MyLogger</logger>
  <level>INFO</level>
  <class>model.gameObjects.Clown</class>
  <method>setX</method>
  <thread>17</thread>
  <message>clown moved right</message>
</record>
<record>
  <date>2018-12-23T22:03:08.842987500Z</date>
  <millis>1545602588842</millis>
  <nanos>987500</nanos>
  <sequence>126</sequence>
  <logger>model.gameWorld.MyLogger</logger>
  <level>INFO</level>
  <class>model.gameObjects.Clown</class>
  <method>setX</method>
  <thread>17</thread>
  <message>clown moved right</message>
</record>
<record>
  <date>2018-12-23T22:03:08.870059800Z</date>
  <millis>1545602588870</millis>
  <nanos>59800</nanos>
  <sequence>127</sequence>
  <logger>model.gameWorld.MyLogger</logger>
  <level>INFO</level>
  <class>model.gameObjects.Clown</class>
  <method>setX</method>
  <thread>17</thread>
  <message>clown moved right</message>
</record>
<record>
  <date>2018-12-23T22:03:09.239543500Z</date>
  <millis>1545602589239</millis>
  <nanos>543500</nanos>
  <sequence>128</sequence>
  <logger>model.gameWorld.MyLogger</logger>
  <level>INFO</level>
  <class>model.gameObjects.Clown</class>
  <method>intersectStacks</method>
  <thread>17</thread>
  <message>intersection of harleyquinn with left stack</message>
</record>
<record>
  <date>2018-12-23T22:03:09.240044700Z</date>
  <millis>1545602589240</millis>
  <nanos>44700</nanos>
  <sequence>129</sequence>
  <logger>model.gameWorld.MyLogger</logger>
  <level>INFO</level>
  <class>model.gameWorld.GameWorld</class>
  <method>saveSnapshot</method>
  <thread>17</thread>
  <message>Created Checkpoint</message>
</record>
<record>
  <date>2018-12-23T22:03:09.240546400Z</date>
  <millis>1545602589240</millis>
  <nanos>546400</nanos>
  <sequence>130</sequence>
  <logger>model.gameWorld.MyLogger</logger>
  <level>WARNING</level>
  <class>model.gameWorld.GameWorld</class>
  <method>refresh</method>
  <thread>17</thread>
  <message>harley quinn saves a checkpoint</message>
</record>
<record>
  <date>2018-12-23T22:03:09.240546400Z</date>
  <millis>1545602589240</millis>
  <nanos>546400</nanos>
  <sequence>131</sequence>
  <logger>model.gameWorld.MyLogger</logger>
  <level>WARNING</level>
  <class>model.gameWorld.GameWorld</class>
  <method>refresh</method>
  <thread>17</thread>
  <message>harley quinn affects score up</message>
</record>
<record>
  <date>2018-12-23T22:03:09.567473400Z</date>
  <millis>1545602589567</millis>
  <nanos>473400</nanos>
  <sequence>132</sequence>
  <logger>model.gameWorld.MyLogger</logger>
  <level>INFO</level>
  <class>model.gameObjects.Clown</class>
  <method>setX</method>
  <thread>17</thread>
  <message>clown moved right</message>
</record>
<record>
  <date>2018-12-23T22:03:09.858066900Z</date>
  <millis>1545602589858</millis>
  <nanos>66900</nanos>
  <sequence>133</sequence>
  <logger>model.gameWorld.MyLogger</logger>
  <level>INFO</level>
  <class>model.gameObjects.Clown</class>
  <method>setX</method>
  <thread>17</thread>
  <message>clown moved right</message>
</record>
<record>
  <date>2018-12-23T22:03:10.094129300Z</date>
  <millis>1545602590094</millis>
  <nanos>129300</nanos>
  <sequence>134</sequence>
  <logger>model.gameWorld.MyLogger</logger>
  <level>INFO</level>
  <class>model.gameObjects.Clown</class>
  <method>setX</method>
  <thread>17</thread>
  <message>clown moved right</message>
</record>
<record>
  <date>2018-12-23T22:03:10.650315100Z</date>
  <millis>1545602590650</millis>
  <nanos>315100</nanos>
  <sequence>135</sequence>
  <logger>model.gameWorld.MyLogger</logger>
  <level>INFO</level>
  <class>model.gameObjects.Clown</class>
  <method>intersectStacks</method>
  <thread>17</thread>
  <message>intersection of plate with left stack</message>
</record>
<record>
  <date>2018-12-23T22:03:10.650829200Z</date>
  <millis>1545602590650</millis>
  <nanos>829200</nanos>
  <sequence>136</sequence>
  <logger>model.gameWorld.MyLogger</logger>
  <level>INFO</level>
  <class>model.gameObjects.Clown</class>
  <method>intersectStacks</method>
  <thread>17</thread>
  <message>plate addded to left stack</message>
</record>
<record>
  <date>2018-12-23T22:03:11.622519600Z</date>
  <millis>1545602591622</millis>
  <nanos>519600</nanos>
  <sequence>137</sequence>
  <logger>model.gameWorld.MyLogger</logger>
  <level>INFO</level>
  <class>model.gameObjects.shapes.plate.PlateFactory</class>
  <method>getBatmanLogo</method>
  <thread>17</thread>
  <message>batman logo instance is returned from factory </message>
</record>
<record>
  <date>2018-12-23T22:03:12.001982600Z</date>
  <millis>1545602592001</millis>
  <nanos>982600</nanos>
  <sequence>138</sequence>
  <logger>model.gameWorld.MyLogger</logger>
  <level>INFO</level>
  <class>model.gameObjects.Clown</class>
  <method>intersectStacks</method>
  <thread>17</thread>
  <message>intersection of plate with right stack</message>
</record>
<record>
  <date>2018-12-23T22:03:12.002483800Z</date>
  <millis>1545602592002</millis>
  <nanos>483800</nanos>
  <sequence>139</sequence>
  <logger>model.gameWorld.MyLogger</logger>
  <level>INFO</level>
  <class>model.gameObjects.Clown</class>
  <method>intersectStacks</method>
  <thread>17</thread>
  <message>plate addded to right stack</message>
</record>
<record>
  <date>2018-12-23T22:03:12.053279800Z</date>
  <millis>1545602592053</millis>
  <nanos>279800</nanos>
  <sequence>140</sequence>
  <logger>model.gameWorld.MyLogger</logger>
  <level>INFO</level>
  <class>model.gameObjects.Clown</class>
  <method>setX</method>
  <thread>17</thread>
  <message>clown moved right</message>
</record>
<record>
  <date>2018-12-23T22:03:12.307750Z</date>
  <millis>1545602592307</millis>
  <nanos>750000</nanos>
  <sequence>141</sequence>
  <logger>model.gameWorld.MyLogger</logger>
  <level>INFO</level>
  <class>model.gameObjects.Clown</class>
  <method>setX</method>
  <thread>17</thread>
  <message>clown moved right</message>
</record>
<record>
  <date>2018-12-23T22:03:12.511975300Z</date>
  <millis>1545602592511</millis>
  <nanos>975300</nanos>
  <sequence>142</sequence>
  <logger>model.gameWorld.MyLogger</logger>
  <level>INFO</level>
  <class>model.gameObjects.Clown</class>
  <method>setX</method>
  <thread>17</thread>
  <message>clown moved right</message>
</record>
<record>
  <date>2018-12-23T22:03:12.927120100Z</date>
  <millis>1545602592927</millis>
  <nanos>120100</nanos>
  <sequence>143</sequence>
  <logger>model.gameWorld.MyLogger</logger>
  <level>INFO</level>
  <class>model.gameObjects.Clown</class>
  <method>intersectStacks</method>
  <thread>17</thread>
  <message>intersection of plate with right stack</message>
</record>
<record>
  <date>2018-12-23T22:03:12.927120100Z</date>
  <millis>1545602592927</millis>
  <nanos>120100</nanos>
  <sequence>144</sequence>
  <logger>model.gameWorld.MyLogger</logger>
  <level>INFO</level>
  <class>model.gameObjects.Clown</class>
  <method>intersectStacks</method>
  <thread>17</thread>
  <message>plate addded to right stack</message>
</record>
<record>
  <date>2018-12-23T22:03:13.013228600Z</date>
  <millis>1545602593013</millis>
  <nanos>228600</nanos>
  <sequence>145</sequence>
  <logger>model.gameWorld.MyLogger</logger>
  <level>INFO</level>
  <class>model.gameObjects.Clown</class>
  <method>intersectStacks</method>
  <thread>17</thread>
  <message>intersection of plate with left stack</message>
</record>
<record>
  <date>2018-12-23T22:03:13.013730300Z</date>
  <millis>1545602593013</millis>
  <nanos>730300</nanos>
  <sequence>146</sequence>
  <logger>model.gameWorld.MyLogger</logger>
  <level>INFO</level>
  <class>model.gameObjects.Clown</class>
  <method>intersectStacks</method>
  <thread>17</thread>
  <message>plate addded to left stack</message>
</record>
<record>
  <date>2018-12-23T22:03:13.124802500Z</date>
  <millis>1545602593124</millis>
  <nanos>802500</nanos>
  <sequence>147</sequence>
  <logger>model.gameWorld.MyLogger</logger>
  <level>INFO</level>
  <class>model.gameObjects.Clown</class>
  <method>setX</method>
  <thread>17</thread>
  <message>clown moved left</message>
</record>
<record>
  <date>2018-12-23T22:03:13.423409100Z</date>
  <millis>1545602593423</millis>
  <nanos>409100</nanos>
  <sequence>148</sequence>
  <logger>model.gameWorld.MyLogger</logger>
  <level>INFO</level>
  <class>model.gameObjects.Clown</class>
  <method>setX</method>
  <thread>17</thread>
  <message>clown moved left</message>
</record>
<record>
  <date>2018-12-23T22:03:13.489454500Z</date>
  <millis>1545602593489</millis>
  <nanos>454500</nanos>
  <sequence>149</sequence>
  <logger>model.gameWorld.MyLogger</logger>
  <level>INFO</level>
  <class>model.gameObjects.Clown</class>
  <method>intersectStacks</method>
  <thread>17</thread>
  <message>intersection of plate with left stack</message>
</record>
<record>
  <date>2018-12-23T22:03:13.489958300Z</date>
  <millis>1545602593489</millis>
  <nanos>958300</nanos>
  <sequence>150</sequence>
  <logger>model.gameWorld.MyLogger</logger>
  <level>INFO</level>
  <class>model.gameObjects.Clown</class>
  <method>intersectStacks</method>
  <thread>17</thread>
  <message>plate addded to left stack</message>
</record>
<record>
  <date>2018-12-23T22:03:13.489958300Z</date>
  <millis>1545602593489</millis>
  <nanos>958300</nanos>
  <sequence>151</sequence>
  <logger>model.gameWorld.MyLogger</logger>
  <level>WARNING</level>
  <class>model.gameWorld.GameWorld</class>
  <method>refresh</method>
  <thread>17</thread>
  <message>score up</message>
</record>
<record>
  <date>2018-12-23T22:03:13.755095200Z</date>
  <millis>1545602593755</millis>
  <nanos>95200</nanos>
  <sequence>152</sequence>
  <logger>model.gameWorld.MyLogger</logger>
  <level>INFO</level>
  <class>model.gameObjects.Clown</class>
  <method>setX</method>
  <thread>17</thread>
  <message>clown moved right</message>
</record>
<record>
  <date>2018-12-23T22:03:14.242514200Z</date>
  <millis>1545602594242</millis>
  <nanos>514200</nanos>
  <sequence>153</sequence>
  <logger>model.gameWorld.MyLogger</logger>
  <level>INFO</level>
  <class>model.gameObjects.Clown</class>
  <method>setX</method>
  <thread>17</thread>
  <message>clown moved right</message>
</record>
<record>
  <date>2018-12-23T22:03:14.271986100Z</date>
  <millis>1545602594271</millis>
  <nanos>986100</nanos>
  <sequence>154</sequence>
  <logger>model.gameWorld.MyLogger</logger>
  <level>INFO</level>
  <class>model.gameObjects.Clown</class>
  <method>setX</method>
  <thread>17</thread>
  <message>clown moved right</message>
</record>
<record>
  <date>2018-12-23T22:03:14.305412100Z</date>
  <millis>1545602594305</millis>
  <nanos>412100</nanos>
  <sequence>155</sequence>
  <logger>model.gameWorld.MyLogger</logger>
  <level>INFO</level>
  <class>model.gameObjects.Clown</class>
  <method>setX</method>
  <thread>17</thread>
  <message>clown moved right</message>
</record>
<record>
  <date>2018-12-23T22:03:14.337439300Z</date>
  <millis>1545602594337</millis>
  <nanos>439300</nanos>
  <sequence>156</sequence>
  <logger>model.gameWorld.MyLogger</logger>
  <level>INFO</level>
  <class>model.gameObjects.Clown</class>
  <method>setX</method>
  <thread>17</thread>
  <message>clown moved right</message>
</record>
<record>
  <date>2018-12-23T22:03:14.539609Z</date>
  <millis>1545602594539</millis>
  <nanos>609000</nanos>
  <sequence>157</sequence>
  <logger>model.gameWorld.MyLogger</logger>
  <level>INFO</level>
  <class>model.gameObjects.Clown</class>
  <method>intersectStacks</method>
  <thread>17</thread>
  <message>intersection of plate with right stack</message>
</record>
<record>
  <date>2018-12-23T22:03:14.540112200Z</date>
  <millis>1545602594540</millis>
  <nanos>112200</nanos>
  <sequence>158</sequence>
  <logger>model.gameWorld.MyLogger</logger>
  <level>INFO</level>
  <class>model.gameObjects.Clown</class>
  <method>intersectStacks</method>
  <thread>17</thread>
  <message>plate addded to right stack</message>
</record>
<record>
  <date>2018-12-23T22:03:14.540112200Z</date>
  <millis>1545602594540</millis>
  <nanos>112200</nanos>
  <sequence>159</sequence>
  <logger>model.gameWorld.MyLogger</logger>
  <level>WARNING</level>
  <class>model.gameWorld.GameWorld</class>
  <method>refresh</method>
  <thread>17</thread>
  <message>score up</message>
</record>
<record>
  <date>2018-12-23T22:03:15.024321400Z</date>
  <millis>1545602595024</millis>
  <nanos>321400</nanos>
  <sequence>160</sequence>
  <logger>model.gameWorld.MyLogger</logger>
  <level>INFO</level>
  <class>model.gameObjects.Clown</class>
  <method>setX</method>
  <thread>17</thread>
  <message>clown moved left</message>
</record>
<record>
  <date>2018-12-23T22:03:15.409354300Z</date>
  <millis>1545602595409</millis>
  <nanos>354300</nanos>
  <sequence>161</sequence>
  <logger>model.gameWorld.MyLogger</logger>
  <level>INFO</level>
  <class>model.gameObjects.Clown</class>
  <method>intersectStacks</method>
  <thread>17</thread>
  <message>intersection of plate with right stack</message>
</record>
<record>
  <date>2018-12-23T22:03:15.409354300Z</date>
  <millis>1545602595409</millis>
  <nanos>354300</nanos>
  <sequence>162</sequence>
  <logger>model.gameWorld.MyLogger</logger>
  <level>INFO</level>
  <class>model.gameObjects.Clown</class>
  <method>intersectStacks</method>
  <thread>17</thread>
  <message>plate addded to right stack</message>
</record>
<record>
  <date>2018-12-23T22:03:15.473264300Z</date>
  <millis>1545602595473</millis>
  <nanos>264300</nanos>
  <sequence>163</sequence>
  <logger>model.gameWorld.MyLogger</logger>
  <level>INFO</level>
  <class>model.gameObjects.Clown</class>
  <method>setX</method>
  <thread>17</thread>
  <message>clown moved left</message>
</record>
<record>
  <date>2018-12-23T22:03:15.707282800Z</date>
  <millis>1545602595707</millis>
  <nanos>282800</nanos>
  <sequence>164</sequence>
  <logger>model.gameWorld.MyLogger</logger>
  <level>INFO</level>
  <class>model.gameObjects.Clown</class>
  <method>setX</method>
  <thread>17</thread>
  <message>clown moved left</message>
</record>
<record>
  <date>2018-12-23T22:03:15.959570400Z</date>
  <millis>1545602595959</millis>
  <nanos>570400</nanos>
  <sequence>165</sequence>
  <logger>model.gameWorld.MyLogger</logger>
  <level>INFO</level>
  <class>model.gameObjects.Clown</class>
  <method>setX</method>
  <thread>17</thread>
  <message>clown moved left</message>
</record>
<record>
  <date>2018-12-23T22:03:16.204037100Z</date>
  <millis>1545602596204</millis>
  <nanos>37100</nanos>
  <sequence>166</sequence>
  <logger>model.gameWorld.MyLogger</logger>
  <level>INFO</level>
  <class>model.gameObjects.Clown</class>
  <method>setX</method>
  <thread>17</thread>
  <message>clown moved left</message>
</record>
<record>
  <date>2018-12-23T22:03:16.638085200Z</date>
  <millis>1545602596638</millis>
  <nanos>85200</nanos>
  <sequence>167</sequence>
  <logger>model.gameWorld.MyLogger</logger>
  <level>INFO</level>
  <class>model.gameObjects.Clown</class>
  <method>setX</method>
  <thread>17</thread>
  <message>clown moved left</message>
</record>
<record>
  <date>2018-12-23T22:03:16.792229100Z</date>
  <millis>1545602596792</millis>
  <nanos>229100</nanos>
  <sequence>168</sequence>
  <logger>model.gameWorld.MyLogger</logger>
  <level>INFO</level>
  <class>model.gameObjects.Clown</class>
  <method>intersectStacks</method>
  <thread>17</thread>
  <message>intersection of plate with right stack</message>
</record>
<record>
  <date>2018-12-23T22:03:16.792229100Z</date>
  <millis>1545602596792</millis>
  <nanos>229100</nanos>
  <sequence>169</sequence>
  <logger>model.gameWorld.MyLogger</logger>
  <level>INFO</level>
  <class>model.gameObjects.Clown</class>
  <method>intersectStacks</method>
  <thread>17</thread>
  <message>plate addded to right stack</message>
</record>
<record>
  <date>2018-12-23T22:03:16.981866Z</date>
  <millis>1545602596981</millis>
  <nanos>866000</nanos>
  <sequence>170</sequence>
  <logger>model.gameWorld.MyLogger</logger>
  <level>INFO</level>
  <class>model.gameObjects.Clown</class>
  <method>setX</method>
  <thread>17</thread>
  <message>clown moved left</message>
</record>
<record>
  <date>2018-12-23T22:03:17.187141100Z</date>
  <millis>1545602597187</millis>
  <nanos>141100</nanos>
  <sequence>171</sequence>
  <logger>model.gameWorld.MyLogger</logger>
  <level>INFO</level>
  <class>model.gameObjects.Clown</class>
  <method>setX</method>
  <thread>17</thread>
  <message>clown moved left</message>
</record>
<record>
  <date>2018-12-23T22:03:17.379932300Z</date>
  <millis>1545602597379</millis>
  <nanos>932300</nanos>
  <sequence>172</sequence>
  <logger>model.gameWorld.MyLogger</logger>
  <level>INFO</level>
  <class>model.gameObjects.Clown</class>
  <method>setX</method>
  <thread>17</thread>
  <message>clown moved left</message>
</record>
<record>
  <date>2018-12-23T22:03:17.882136Z</date>
  <millis>1545602597882</millis>
  <nanos>136000</nanos>
  <sequence>173</sequence>
  <logger>model.gameWorld.MyLogger</logger>
  <level>INFO</level>
  <class>model.gameObjects.Clown</class>
  <method>intersectStacks</method>
  <thread>17</thread>
  <message>intersection of plate with left stack</message>
</record>
<record>
  <date>2018-12-23T22:03:17.882635700Z</date>
  <millis>1545602597882</millis>
  <nanos>635700</nanos>
  <sequence>174</sequence>
  <logger>model.gameWorld.MyLogger</logger>
  <level>INFO</level>
  <class>model.gameObjects.Clown</class>
  <method>intersectStacks</method>
  <thread>17</thread>
  <message>plate addded to left stack</message>
</record>
<record>
  <date>2018-12-23T22:03:18.212661400Z</date>
  <millis>1545602598212</millis>
  <nanos>661400</nanos>
  <sequence>175</sequence>
  <logger>model.gameWorld.MyLogger</logger>
  <level>INFO</level>
  <class>model.gameObjects.Clown</class>
  <method>setX</method>
  <thread>17</thread>
  <message>clown moved right</message>
</record>
<record>
  <date>2018-12-23T22:03:18.668766600Z</date>
  <millis>1545602598668</millis>
  <nanos>766600</nanos>
  <sequence>176</sequence>
  <logger>model.gameWorld.MyLogger</logger>
  <level>INFO</level>
  <class>model.gameObjects.Clown</class>
  <method>setX</method>
  <thread>17</thread>
  <message>clown moved left</message>
</record>
<record>
  <date>2018-12-23T22:03:18.983724400Z</date>
  <millis>1545602598983</millis>
  <nanos>724400</nanos>
  <sequence>177</sequence>
  <logger>model.gameWorld.MyLogger</logger>
  <level>INFO</level>
  <class>model.gameObjects.Clown</class>
  <method>intersectStacks</method>
  <thread>17</thread>
  <message>intersection of plate with left stack</message>
</record>
<record>
  <date>2018-12-23T22:03:18.984227600Z</date>
  <millis>1545602598984</millis>
  <nanos>227600</nanos>
  <sequence>178</sequence>
  <logger>model.gameWorld.MyLogger</logger>
  <level>INFO</level>
  <class>model.gameObjects.Clown</class>
  <method>intersectStacks</method>
  <thread>17</thread>
  <message>plate addded to left stack</message>
</record>
<record>
  <date>2018-12-23T22:03:18.994963700Z</date>
  <millis>1545602598994</millis>
  <nanos>963700</nanos>
  <sequence>179</sequence>
  <logger>model.gameWorld.MyLogger</logger>
  <level>INFO</level>
  <class>model.gameObjects.Clown</class>
  <method>intersectStacks</method>
  <thread>17</thread>
  <message>intersection of plate with left stack</message>
</record>
<record>
  <date>2018-12-23T22:03:18.995100900Z</date>
  <millis>1545602598995</millis>
  <nanos>100900</nanos>
  <sequence>180</sequence>
  <logger>model.gameWorld.MyLogger</logger>
  <level>INFO</level>
  <class>model.gameObjects.Clown</class>
  <method>intersectStacks</method>
  <thread>17</thread>
  <message>plate addded to left stack</message>
</record>
<record>
  <date>2018-12-23T22:03:18.995603700Z</date>
  <millis>1545602598995</millis>
  <nanos>603700</nanos>
  <sequence>181</sequence>
  <logger>model.gameWorld.MyLogger</logger>
  <level>WARNING</level>
  <class>model.gameWorld.GameWorld</class>
  <method>refresh</method>
  <thread>17</thread>
  <message>score up</message>
</record>
<record>
  <date>2018-12-23T22:03:19.059033100Z</date>
  <millis>1545602599059</millis>
  <nanos>33100</nanos>
  <sequence>182</sequence>
  <logger>model.gameWorld.MyLogger</logger>
  <level>INFO</level>
  <class>model.gameObjects.Clown</class>
  <method>setX</method>
  <thread>17</thread>
  <message>clown moved left</message>
</record>
<record>
  <date>2018-12-23T22:03:19.570218400Z</date>
  <millis>1545602599570</millis>
  <nanos>218400</nanos>
  <sequence>183</sequence>
  <logger>model.gameWorld.MyLogger</logger>
  <level>INFO</level>
  <class>model.gameObjects.Clown</class>
  <method>intersectStacks</method>
  <thread>17</thread>
  <message>intersection of plate with right stack</message>
</record>
<record>
  <date>2018-12-23T22:03:19.570698100Z</date>
  <millis>1545602599570</millis>
  <nanos>698100</nanos>
  <sequence>184</sequence>
  <logger>model.gameWorld.MyLogger</logger>
  <level>INFO</level>
  <class>model.gameObjects.Clown</class>
  <method>intersectStacks</method>
  <thread>17</thread>
  <message>plate addded to right stack</message>
</record>
<record>
  <date>2018-12-23T22:03:19.570698100Z</date>
  <millis>1545602599570</millis>
  <nanos>698100</nanos>
  <sequence>185</sequence>
  <logger>model.gameWorld.MyLogger</logger>
  <level>WARNING</level>
  <class>model.gameWorld.GameWorld</class>
  <method>refresh</method>
  <thread>17</thread>
  <message>score up</message>
</record>
<record>
  <date>2018-12-23T22:03:19.613122600Z</date>
  <millis>1545602599613</millis>
  <nanos>122600</nanos>
  <sequence>186</sequence>
  <logger>model.gameWorld.MyLogger</logger>
  <level>INFO</level>
  <class>model.gameObjects.Clown</class>
  <method>intersectStacks</method>
  <thread>17</thread>
  <message>intersection of plate with right stack</message>
</record>
<record>
  <date>2018-12-23T22:03:19.613625900Z</date>
  <millis>1545602599613</millis>
  <nanos>625900</nanos>
  <sequence>187</sequence>
  <logger>model.gameWorld.MyLogger</logger>
  <level>INFO</level>
  <class>model.gameObjects.Clown</class>
  <method>intersectStacks</method>
  <thread>17</thread>
  <message>plate addded to right stack</message>
</record>
<record>
  <date>2018-12-23T22:03:19.936544800Z</date>
  <millis>1545602599936</millis>
  <nanos>544800</nanos>
  <sequence>188</sequence>
  <logger>model.gameWorld.MyLogger</logger>
  <level>INFO</level>
  <class>model.gameObjects.Clown</class>
  <method>setX</method>
  <thread>17</thread>
  <message>clown moved left</message>
</record>
<record>
  <date>2018-12-23T22:03:20.140695100Z</date>
  <millis>1545602600140</millis>
  <nanos>695100</nanos>
  <sequence>189</sequence>
  <logger>model.gameWorld.MyLogger</logger>
  <level>INFO</level>
  <class>model.gameObjects.Clown</class>
  <method>setX</method>
  <thread>17</thread>
  <message>clown moved left</message>
</record>
<record>
  <date>2018-12-23T22:03:20.209757Z</date>
  <millis>1545602600209</millis>
  <nanos>757000</nanos>
  <sequence>190</sequence>
  <logger>model.gameWorld.MyLogger</logger>
  <level>INFO</level>
  <class>model.gameObjects.Clown</class>
  <method>intersectStacks</method>
  <thread>17</thread>
  <message>intersection of plate with left stack</message>
</record>
<record>
  <date>2018-12-23T22:03:20.209757Z</date>
  <millis>1545602600209</millis>
  <nanos>757000</nanos>
  <sequence>191</sequence>
  <logger>model.gameWorld.MyLogger</logger>
  <level>INFO</level>
  <class>model.gameObjects.Clown</class>
  <method>intersectStacks</method>
  <thread>17</thread>
  <message>plate addded to left stack</message>
</record>
<record>
  <date>2018-12-23T22:03:20.313300300Z</date>
  <millis>1545602600313</millis>
  <nanos>300300</nanos>
  <sequence>192</sequence>
  <logger>model.gameWorld.MyLogger</logger>
  <level>INFO</level>
  <class>model.gameObjects.Clown</class>
  <method>setX</method>
  <thread>17</thread>
  <message>clown moved left</message>
</record>
<record>
  <date>2018-12-23T22:03:20.537761400Z</date>
  <millis>1545602600537</millis>
  <nanos>761400</nanos>
  <sequence>193</sequence>
  <logger>model.gameWorld.MyLogger</logger>
  <level>INFO</level>
  <class>model.gameObjects.Clown</class>
  <method>setX</method>
  <thread>17</thread>
  <message>clown moved left</message>
</record>
<record>
  <date>2018-12-23T22:03:21.023317500Z</date>
  <millis>1545602601023</millis>
  <nanos>317500</nanos>
  <sequence>194</sequence>
  <logger>model.gameWorld.MyLogger</logger>
  <level>INFO</level>
  <class>model.gameObjects.Clown</class>
  <method>setX</method>
  <thread>17</thread>
  <message>clown moved left</message>
</record>
<record>
  <date>2018-12-23T22:03:21.056535300Z</date>
  <millis>1545602601056</millis>
  <nanos>535300</nanos>
  <sequence>195</sequence>
  <logger>model.gameWorld.MyLogger</logger>
  <level>INFO</level>
  <class>model.gameObjects.Clown</class>
  <method>setX</method>
  <thread>17</thread>
  <message>clown moved left</message>
</record>
<record>
  <date>2018-12-23T22:03:21.081564700Z</date>
  <millis>1545602601081</millis>
  <nanos>564700</nanos>
  <sequence>196</sequence>
  <logger>model.gameWorld.MyLogger</logger>
  <level>INFO</level>
  <class>model.gameObjects.Clown</class>
  <method>setX</method>
  <thread>17</thread>
  <message>clown moved left</message>
</record>
<record>
  <date>2018-12-23T22:03:21.113539500Z</date>
  <millis>1545602601113</millis>
  <nanos>539500</nanos>
  <sequence>197</sequence>
  <logger>model.gameWorld.MyLogger</logger>
  <level>INFO</level>
  <class>model.gameObjects.Clown</class>
  <method>setX</method>
  <thread>17</thread>
  <message>clown moved left</message>
</record>
<record>
  <date>2018-12-23T22:03:21.145972900Z</date>
  <millis>1545602601145</millis>
  <nanos>972900</nanos>
  <sequence>198</sequence>
  <logger>model.gameWorld.MyLogger</logger>
  <level>INFO</level>
  <class>model.gameObjects.Clown</class>
  <method>setX</method>
  <thread>17</thread>
  <message>clown moved left</message>
</record>
<record>
  <date>2018-12-23T22:03:21.161952800Z</date>
  <millis>1545602601161</millis>
  <nanos>952800</nanos>
  <sequence>199</sequence>
  <logger>model.gameWorld.MyLogger</logger>
  <level>INFO</level>
  <class>model.gameObjects.Clown</class>
  <method>intersectStacks</method>
  <thread>17</thread>
  <message>intersection of plate with right stack</message>
</record>
<record>
  <date>2018-12-23T22:03:21.162455100Z</date>
  <millis>1545602601162</millis>
  <nanos>455100</nanos>
  <sequence>200</sequence>
  <logger>model.gameWorld.MyLogger</logger>
  <level>INFO</level>
  <class>model.gameObjects.Clown</class>
  <method>intersectStacks</method>
  <thread>17</thread>
  <message>plate addded to right stack</message>
</record>
<record>
  <date>2018-12-23T22:03:21.171348800Z</date>
  <millis>1545602601171</millis>
  <nanos>348800</nanos>
  <sequence>201</sequence>
  <logger>model.gameWorld.MyLogger</logger>
  <level>INFO</level>
  <class>model.gameObjects.Clown</class>
  <method>setX</method>
  <thread>17</thread>
  <message>clown moved left</message>
</record>
<record>
  <date>2018-12-23T22:03:21.202592100Z</date>
  <millis>1545602601202</millis>
  <nanos>592100</nanos>
  <sequence>202</sequence>
  <logger>model.gameWorld.MyLogger</logger>
  <level>INFO</level>
  <class>model.gameObjects.Clown</class>
  <method>setX</method>
  <thread>17</thread>
  <message>clown moved left</message>
</record>
<record>
  <date>2018-12-23T22:03:21.231878400Z</date>
  <millis>1545602601231</millis>
  <nanos>878400</nanos>
  <sequence>203</sequence>
  <logger>model.gameWorld.MyLogger</logger>
  <level>INFO</level>
  <class>model.gameObjects.Clown</class>
  <method>setX</method>
  <thread>17</thread>
  <message>clown moved left</message>
</record>
<record>
  <date>2018-12-23T22:03:21.376434100Z</date>
  <millis>1545602601376</millis>
  <nanos>434100</nanos>
  <sequence>204</sequence>
  <logger>model.gameWorld.MyLogger</logger>
  <level>INFO</level>
  <class>model.gameObjects.Clown</class>
  <method>intersectStacks</method>
  <thread>17</thread>
  <message>intersection of plate with right stack</message>
</record>
<record>
  <date>2018-12-23T22:03:21.376982100Z</date>
  <millis>1545602601376</millis>
  <nanos>982100</nanos>
  <sequence>205</sequence>
  <logger>model.gameWorld.MyLogger</logger>
  <level>INFO</level>
  <class>model.gameObjects.Clown</class>
  <method>intersectStacks</method>
  <thread>17</thread>
  <message>plate addded to right stack</message>
</record>
<record>
  <date>2018-12-23T22:03:21.610907500Z</date>
  <millis>1545602601610</millis>
  <nanos>907500</nanos>
  <sequence>206</sequence>
  <logger>model.gameWorld.MyLogger</logger>
  <level>INFO</level>
  <class>model.gameObjects.shapes.plate.PlateFactory</class>
  <method>getHarleyLogo</method>
  <thread>17</thread>
  <message>harley logo instance is returned from factory </message>
</record>
<record>
  <date>2018-12-23T22:03:21.632970800Z</date>
  <millis>1545602601632</millis>
  <nanos>970800</nanos>
  <sequence>207</sequence>
  <logger>model.gameWorld.MyLogger</logger>
  <level>INFO</level>
  <class>model.gameObjects.shapes.plate.PlateFactory</class>
  <method>getBatmanLogo</method>
  <thread>17</thread>
  <message>batman logo instance is returned from factory </message>
</record>
<record>
  <date>2018-12-23T22:03:22.105374800Z</date>
  <millis>1545602602105</millis>
  <nanos>374800</nanos>
  <sequence>208</sequence>
  <logger>model.gameWorld.MyLogger</logger>
  <level>INFO</level>
  <class>model.gameObjects.Clown</class>
  <method>intersectStacks</method>
  <thread>17</thread>
  <message>intersection of plate with right stack</message>
</record>
<record>
  <date>2018-12-23T22:03:22.105374800Z</date>
  <millis>1545602602105</millis>
  <nanos>374800</nanos>
  <sequence>209</sequence>
  <logger>model.gameWorld.MyLogger</logger>
  <level>INFO</level>
  <class>model.gameObjects.Clown</class>
  <method>intersectStacks</method>
  <thread>17</thread>
  <message>plate addded to right stack</message>
</record>
<record>
  <date>2018-12-23T22:03:22.105876Z</date>
  <millis>1545602602105</millis>
  <nanos>876000</nanos>
  <sequence>210</sequence>
  <logger>model.gameWorld.MyLogger</logger>
  <level>WARNING</level>
  <class>model.gameObjects.shapes.plate.PlatesPool</class>
  <method>PopPlate</method>
  <thread>17</thread>
  <message>pool is empty</message>
</record>
<record>
  <date>2018-12-23T22:03:22.105876Z</date>
  <millis>1545602602105</millis>
  <nanos>876000</nanos>
  <sequence>211</sequence>
  <logger>model.gameWorld.MyLogger</logger>
  <level>INFO</level>
  <class>model.gameObjects.shapes.plate.PlateFactory</class>
  <method>getPlate</method>
  <thread>17</thread>
  <message>rectanglar Plate instance is returned from factory </message>
</record>
</log>
